<?xml version="1.0" ?>
<!DOCTYPE coverage SYSTEM "http://cobertura.sourceforge.net/xml/coverage-04.dtd">
<coverage lines-valid="161" lines-covered="160" line-rate="0.9937" branches-valid="99" branches-covered="94" branch-rate="0.9494" timestamp="1635668869704" complexity="0" version="0.1">
  <sources>
    <source>D:\wwwroot\table</source>
  </sources>
  <packages>
    <package name="table" line-rate="1" branch-rate="1">
      <classes>
        <class name="Table.tsx" filename="src\table\Table.tsx" line-rate="1" branch-rate="1">
          <methods>
            <method name="(anonymous_0)" hits="13" signature="()V">
              <lines>
                <line number="20" hits="13"/>
              </lines>
            </method>
            <method name="(anonymous_1)" hits="42" signature="()V">
              <lines>
                <line number="30" hits="42"/>
              </lines>
            </method>
            <method name="(anonymous_2)" hits="5" signature="()V">
              <lines>
                <line number="34" hits="5"/>
              </lines>
            </method>
            <method name="(anonymous_3)" hits="44" signature="()V">
              <lines>
                <line number="62" hits="44"/>
              </lines>
            </method>
          </methods>
          <lines>
            <line number="21" hits="13" branch="false"/>
            <line number="22" hits="13" branch="false"/>
            <line number="23" hits="13" branch="false"/>
            <line number="29" hits="13" branch="false"/>
            <line number="30" hits="13" branch="false"/>
            <line number="31" hits="42" branch="false"/>
            <line number="34" hits="13" branch="false"/>
            <line number="36" hits="13" branch="false"/>
            <line number="38" hits="13" branch="false"/>
            <line number="42" hits="13" branch="false"/>
            <line number="64" hits="44" branch="false"/>
            <line number="67" hits="44" branch="false"/>
            <line number="70" hits="44" branch="true" condition-coverage="100% (2/2)"/>
            <line number="72" hits="44" branch="false"/>
          </lines>
        </class>
        <class name="index.ts" filename="src\table\index.ts" line-rate="0" branch-rate="0">
          <methods>
          </methods>
          <lines>
          </lines>
        </class>
        <class name="types.ts" filename="src\table\types.ts" line-rate="1" branch-rate="1">
          <methods>
            <method name="pick" hits="1" signature="()V">
              <lines>
                <line number="41" hits="1"/>
              </lines>
            </method>
            <method name="(anonymous_1)" hits="4" signature="()V">
              <lines>
                <line number="46" hits="4"/>
              </lines>
            </method>
            <method name="(anonymous_2)" hits="1" signature="()V">
              <lines>
                <line number="47" hits="1"/>
              </lines>
            </method>
            <method name="(anonymous_3)" hits="13" signature="()V">
              <lines>
                <line number="63" hits="13"/>
              </lines>
            </method>
          </methods>
          <lines>
            <line number="45" hits="1" branch="false"/>
            <line number="46" hits="4" branch="false"/>
            <line number="48" hits="1" branch="false"/>
            <line number="49" hits="1" branch="false"/>
            <line number="54" hits="1" branch="false"/>
            <line number="63" hits="13" branch="false"/>
            <line number="77" hits="1" branch="false"/>
          </lines>
        </class>
      </classes>
    </package>
    <package name="table.common" line-rate="1" branch-rate="1">
      <classes>
        <class name="const.ts" filename="src\table\common\const.ts" line-rate="1" branch-rate="1">
          <methods>
          </methods>
          <lines>
            <line number="1" hits="1" branch="false"/>
          </lines>
        </class>
        <class name="table.less" filename="src\table\common\table.less" line-rate="1" branch-rate="1">
          <methods>
          </methods>
          <lines>
            <line number="1" hits="1" branch="false"/>
          </lines>
        </class>
      </classes>
    </package>
    <package name="table.components" line-rate="1" branch-rate="1">
      <classes>
        <class name="Body.tsx" filename="src\table\components\Body.tsx" line-rate="1" branch-rate="1">
          <methods>
            <method name="getRowHTML" hits="406" signature="()V">
              <lines>
                <line number="5" hits="406"/>
              </lines>
            </method>
            <method name="(anonymous_1)" hits="13" signature="()V">
              <lines>
                <line number="28" hits="13"/>
              </lines>
            </method>
            <method name="(anonymous_2)" hits="36" signature="()V">
              <lines>
                <line number="35" hits="36"/>
              </lines>
            </method>
            <method name="(anonymous_3)" hits="203" signature="()V">
              <lines>
                <line number="38" hits="203"/>
              </lines>
            </method>
            <method name="(anonymous_4)" hits="406" signature="()V">
              <lines>
                <line number="40" hits="406"/>
              </lines>
            </method>
          </methods>
          <lines>
            <line number="6" hits="406" branch="true" condition-coverage="100% (2/2)"/>
            <line number="7" hits="406" branch="false"/>
            <line number="13" hits="406" branch="true" condition-coverage="100% (2/2)"/>
            <line number="16" hits="406" branch="false"/>
            <line number="19" hits="1" branch="false"/>
            <line number="29" hits="13" branch="false"/>
            <line number="31" hits="13" branch="false"/>
            <line number="36" hits="36" branch="false"/>
            <line number="39" hits="203" branch="false"/>
            <line number="40" hits="406" branch="false"/>
          </lines>
        </class>
        <class name="Header.tsx" filename="src\table\components\Header.tsx" line-rate="1" branch-rate="1">
          <methods>
            <method name="getTitle" hits="44" signature="()V">
              <lines>
                <line number="8" hits="44"/>
              </lines>
            </method>
            <method name="getSort" hits="44" signature="()V">
              <lines>
                <line number="17" hits="44"/>
              </lines>
            </method>
            <method name="(anonymous_2)" hits="13" signature="()V">
              <lines>
                <line number="47" hits="13"/>
              </lines>
            </method>
            <method name="(anonymous_3)" hits="44" signature="()V">
              <lines>
                <line number="51" hits="44"/>
              </lines>
            </method>
            <method name="(anonymous_4)" hits="8" signature="()V">
              <lines>
                <line number="55" hits="8"/>
              </lines>
            </method>
            <method name="(anonymous_5)" hits="22" signature="()V">
              <lines>
                <line number="60" hits="22"/>
              </lines>
            </method>
          </methods>
          <lines>
            <line number="6" hits="1" branch="false"/>
            <line number="9" hits="44" branch="false"/>
            <line number="10" hits="44" branch="true" condition-coverage="100% (2/2)"/>
            <line number="14" hits="44" branch="false"/>
            <line number="18" hits="44" branch="true" condition-coverage="100% (4/4)"/>
            <line number="19" hits="36" branch="false"/>
            <line number="22" hits="8" branch="false"/>
            <line number="23" hits="8" branch="true" condition-coverage="100% (2/2)"/>
            <line number="29" hits="8" branch="true" condition-coverage="100% (2/2)"/>
            <line number="32" hits="1" branch="false"/>
            <line number="48" hits="13" branch="false"/>
            <line number="50" hits="13" branch="false"/>
            <line number="52" hits="44" branch="false"/>
            <line number="53" hits="44" branch="false"/>
            <line number="54" hits="44" branch="false"/>
            <line number="55" hits="44" branch="true" condition-coverage="100% (2/2)"/>
            <line number="56" hits="44" branch="false"/>
            <line number="61" hits="22" branch="false"/>
          </lines>
        </class>
        <class name="Pager.tsx" filename="src\table\components\Pager.tsx" line-rate="1" branch-rate="1">
          <methods>
            <method name="renderPage" hits="8" signature="()V">
              <lines>
                <line number="5" hits="8"/>
              </lines>
            </method>
            <method name="(anonymous_1)" hits="27" signature="()V">
              <lines>
                <line number="6" hits="27"/>
              </lines>
            </method>
            <method name="(anonymous_2)" hits="1" signature="()V">
              <lines>
                <line number="14" hits="1"/>
              </lines>
            </method>
            <method name="(anonymous_3)" hits="4" signature="()V">
              <lines>
                <line number="27" hits="4"/>
              </lines>
            </method>
            <method name="(anonymous_4)" hits="5" signature="()V">
              <lines>
                <line number="31" hits="5"/>
              </lines>
            </method>
            <method name="(anonymous_5)" hits="4" signature="()V">
              <lines>
                <line number="37" hits="4"/>
              </lines>
            </method>
            <method name="(anonymous_6)" hits="6" signature="()V">
              <lines>
                <line number="40" hits="6"/>
              </lines>
            </method>
            <method name="(anonymous_7)" hits="8" signature="()V">
              <lines>
                <line number="52" hits="8"/>
              </lines>
            </method>
            <method name="(anonymous_8)" hits="27" signature="()V">
              <lines>
                <line number="52" hits="27"/>
              </lines>
            </method>
            <method name="(anonymous_9)" hits="3" signature="()V">
              <lines>
                <line number="55" hits="3"/>
              </lines>
            </method>
            <method name="(anonymous_10)" hits="1" signature="()V">
              <lines>
                <line number="70" hits="1"/>
              </lines>
            </method>
            <method name="(anonymous_11)" hits="1" signature="()V">
              <lines>
                <line number="74" hits="1"/>
              </lines>
            </method>
            <method name="(anonymous_12)" hits="8" signature="()V">
              <lines>
                <line number="80" hits="8"/>
              </lines>
            </method>
          </methods>
          <lines>
            <line number="6" hits="8" branch="false"/>
            <line number="7" hits="27" branch="false"/>
            <line number="8" hits="27" branch="true" condition-coverage="100% (2/2)"/>
            <line number="9" hits="27" branch="false"/>
            <line number="14" hits="1" branch="false"/>
            <line number="21" hits="1" branch="false"/>
            <line number="28" hits="4" branch="false"/>
            <line number="31" hits="5" branch="false"/>
            <line number="34" hits="4" branch="true" condition-coverage="100% (4/4)"/>
            <line number="37" hits="4" branch="true" condition-coverage="100% (2/2)"/>
            <line number="40" hits="6" branch="false"/>
            <line number="52" hits="27" branch="false"/>
            <line number="55" hits="4" branch="false"/>
            <line number="56" hits="3" branch="false"/>
            <line number="57" hits="3" branch="false"/>
            <line number="60" hits="4" branch="false"/>
            <line number="71" hits="1" branch="false"/>
            <line number="72" hits="1" branch="false"/>
            <line number="75" hits="1" branch="false"/>
            <line number="76" hits="1" branch="false"/>
            <line number="81" hits="8" branch="false"/>
            <line number="83" hits="8" branch="false"/>
          </lines>
        </class>
      </classes>
    </package>
    <package name="table.hooks" line-rate="0.9886" branch-rate="0.9179999999999999">
      <classes>
        <class name="useDataStore.ts" filename="src\table\hooks\useDataStore.ts" line-rate="1" branch-rate="0.9309999999999999">
          <methods>
            <method name="useDataStore" hits="13" signature="()V">
              <lines>
                <line number="26" hits="13"/>
              </lines>
            </method>
            <method name="(anonymous_1)" hits="35" signature="()V">
              <lines>
                <line number="35" hits="35"/>
              </lines>
            </method>
            <method name="(anonymous_2)" hits="18" signature="()V">
              <lines>
                <line number="46" hits="18"/>
              </lines>
            </method>
            <method name="(anonymous_3)" hits="18" signature="()V">
              <lines>
                <line number="50" hits="18"/>
              </lines>
            </method>
            <method name="(anonymous_4)" hits="54" signature="()V">
              <lines>
                <line number="55" hits="54"/>
              </lines>
            </method>
            <method name="(anonymous_5)" hits="37" signature="()V">
              <lines>
                <line number="67" hits="37"/>
              </lines>
            </method>
            <method name="(anonymous_6)" hits="17" signature="()V">
              <lines>
                <line number="92" hits="17"/>
              </lines>
            </method>
            <method name="(anonymous_7)" hits="13" signature="()V">
              <lines>
                <line number="99" hits="13"/>
              </lines>
            </method>
            <method name="(anonymous_8)" hits="1" signature="()V">
              <lines>
                <line number="105" hits="1"/>
              </lines>
            </method>
            <method name="(anonymous_9)" hits="1" signature="()V">
              <lines>
                <line number="110" hits="1"/>
              </lines>
            </method>
            <method name="(anonymous_10)" hits="5" signature="()V">
              <lines>
                <line number="115" hits="5"/>
              </lines>
            </method>
            <method name="(anonymous_11)" hits="1" signature="()V">
              <lines>
                <line number="120" hits="1"/>
              </lines>
            </method>
            <method name="(anonymous_12)" hits="2" signature="()V">
              <lines>
                <line number="125" hits="2"/>
              </lines>
            </method>
            <method name="(anonymous_13)" hits="4" signature="()V">
              <lines>
                <line number="130" hits="4"/>
              </lines>
            </method>
            <method name="(anonymous_14)" hits="49" signature="()V">
              <lines>
                <line number="140" hits="49"/>
              </lines>
            </method>
          </methods>
          <lines>
            <line number="32" hits="13" branch="false"/>
            <line number="35" hits="13" branch="false"/>
            <line number="36" hits="35" branch="true" condition-coverage="100% (2/2)"/>
            <line number="42" hits="13" branch="true" condition-coverage="50% (1/2)"/>
            <line number="45" hits="13" branch="false"/>
            <line number="46" hits="18" branch="true" condition-coverage="100% (2/2)"/>
            <line number="50" hits="13" branch="false"/>
            <line number="51" hits="18" branch="false"/>
            <line number="55" hits="13" branch="false"/>
            <line number="56" hits="54" branch="true" condition-coverage="100% (4/4)"/>
            <line number="57" hits="3" branch="false"/>
            <line number="61" hits="3" branch="false"/>
            <line number="63" hits="51" branch="false"/>
            <line number="67" hits="13" branch="false"/>
            <line number="68" hits="37" branch="true" condition-coverage="100% (2/2)"/>
            <line number="69" hits="2" branch="false"/>
            <line number="72" hits="35" branch="true" condition-coverage="100% (4/4)"/>
            <line number="73" hits="2" branch="false"/>
            <line number="77" hits="2" branch="false"/>
            <line number="80" hits="33" branch="false"/>
            <line number="84" hits="13" branch="false"/>
            <line number="89" hits="13" branch="false"/>
            <line number="92" hits="13" branch="false"/>
            <line number="93" hits="17" branch="true" condition-coverage="100% (4/4)"/>
            <line number="94" hits="16" branch="false"/>
            <line number="99" hits="13" branch="false"/>
            <line number="100" hits="13" branch="false"/>
            <line number="103" hits="13" branch="false"/>
            <line number="106" hits="1" branch="false"/>
            <line number="111" hits="1" branch="false"/>
            <line number="116" hits="5" branch="false"/>
            <line number="121" hits="1" branch="false"/>
            <line number="126" hits="2" branch="false"/>
            <line number="131" hits="4" branch="true" condition-coverage="100% (2/2)"/>
            <line number="132" hits="1" branch="false"/>
            <line number="134" hits="3" branch="false"/>
            <line number="135" hits="3" branch="false"/>
            <line number="136" hits="3" branch="false"/>
            <line number="141" hits="49" branch="true" condition-coverage="100% (2/2)"/>
            <line number="142" hits="29" branch="false"/>
            <line number="145" hits="20" branch="true" condition-coverage="100% (2/2)"/>
            <line number="146" hits="3" branch="false"/>
            <line number="149" hits="17" branch="false"/>
            <line number="150" hits="17" branch="false"/>
            <line number="152" hits="17" branch="false"/>
          </lines>
        </class>
        <class name="useProps.ts" filename="src\table\hooks\useProps.ts" line-rate="1" branch-rate="0.9166">
          <methods>
            <method name="useProps" hits="13" signature="()V">
              <lines>
                <line number="11" hits="13"/>
              </lines>
            </method>
            <method name="(anonymous_1)" hits="14" signature="()V">
              <lines>
                <line number="12" hits="14"/>
              </lines>
            </method>
            <method name="(anonymous_2)" hits="28" signature="()V">
              <lines>
                <line number="13" hits="28"/>
              </lines>
            </method>
            <method name="(anonymous_3)" hits="17" signature="()V">
              <lines>
                <line number="28" hits="17"/>
              </lines>
            </method>
            <method name="(anonymous_4)" hits="26" signature="()V">
              <lines>
                <line number="41" hits="26"/>
              </lines>
            </method>
          </methods>
          <lines>
            <line number="12" hits="13" branch="false"/>
            <line number="13" hits="14" branch="false"/>
            <line number="14" hits="28" branch="false"/>
            <line number="28" hits="13" branch="false"/>
            <line number="29" hits="17" branch="false"/>
            <line number="41" hits="13" branch="false"/>
            <line number="42" hits="26" branch="true" condition-coverage="50% (1/2)"/>
            <line number="45" hits="13" branch="false"/>
          </lines>
        </class>
        <class name="useSortable.ts" filename="src\table\hooks\useSortable.ts" line-rate="0.9714" branch-rate="0.9">
          <methods>
            <method name="useSortable" hits="13" signature="()V">
              <lines>
                <line number="5" hits="13"/>
              </lines>
            </method>
            <method name="(anonymous_1)" hits="4" signature="()V">
              <lines>
                <line number="12" hits="4"/>
              </lines>
            </method>
            <method name="(anonymous_2)" hits="6" signature="()V">
              <lines>
                <line number="13" hits="6"/>
              </lines>
            </method>
            <method name="(anonymous_3)" hits="8" signature="()V">
              <lines>
                <line number="16" hits="8"/>
              </lines>
            </method>
            <method name="(anonymous_4)" hits="8" signature="()V">
              <lines>
                <line number="34" hits="8"/>
              </lines>
            </method>
            <method name="(anonymous_5)" hits="9" signature="()V">
              <lines>
                <line number="39" hits="9"/>
              </lines>
            </method>
            <method name="sortData" hits="32" signature="()V">
              <lines>
                <line number="56" hits="32"/>
              </lines>
            </method>
            <method name="(anonymous_7)" hits="5" signature="()V">
              <lines>
                <line number="75" hits="5"/>
              </lines>
            </method>
            <method name="getNextSortStatus" hits="7" signature="()V">
              <lines>
                <line number="87" hits="7"/>
              </lines>
            </method>
          </methods>
          <lines>
            <line number="6" hits="13" branch="false"/>
            <line number="9" hits="13" branch="false"/>
            <line number="12" hits="13" branch="false"/>
            <line number="13" hits="6" branch="true" condition-coverage="100% (2/2)"/>
            <line number="16" hits="13" branch="false"/>
            <line number="17" hits="8" branch="true" condition-coverage="50% (1/2)"/>
            <line number="18" hits="0" branch="false"/>
            <line number="20" hits="8" branch="true" condition-coverage="100% (2/2)"/>
            <line number="21" hits="1" branch="false"/>
            <line number="24" hits="1" branch="false"/>
            <line number="27" hits="7" branch="false"/>
            <line number="31" hits="7" branch="false"/>
            <line number="34" hits="13" branch="false"/>
            <line number="35" hits="8" branch="false"/>
            <line number="39" hits="13" branch="false"/>
            <line number="40" hits="9" branch="false"/>
            <line number="41" hits="9" branch="true" condition-coverage="100% (2/2)"/>
            <line number="43" hits="5" branch="true" condition-coverage="50% (1/2)"/>
            <line number="45" hits="4" branch="false"/>
            <line number="49" hits="13" branch="false"/>
            <line number="60" hits="32" branch="true" condition-coverage="100% (2/2)"/>
            <line number="65" hits="27" branch="false"/>
            <line number="68" hits="5" branch="false"/>
            <line number="69" hits="5" branch="true" condition-coverage="100% (2/2)"/>
            <line number="71" hits="5" branch="false"/>
            <line number="76" hits="5" branch="false"/>
            <line number="88" hits="7" branch="false"/>
            <line number="89" hits="7" branch="true" condition-coverage="100% (3/3)"/>
            <line number="91" hits="3" branch="false"/>
            <line number="92" hits="3" branch="false"/>
            <line number="94" hits="2" branch="false"/>
            <line number="95" hits="2" branch="false"/>
            <line number="97" hits="2" branch="false"/>
            <line number="98" hits="2" branch="false"/>
            <line number="105" hits="7" branch="false"/>
          </lines>
        </class>
      </classes>
    </package>
  </packages>
</coverage>
