<?xml version="1.0" ?>
<!DOCTYPE coverage SYSTEM "http://cobertura.sourceforge.net/xml/coverage-04.dtd">
<coverage lines-valid="108" lines-covered="99" line-rate="0.9166" branches-valid="80" branches-covered="63" branch-rate="0.7875" timestamp="1635570935795" complexity="0" version="0.1">
  <sources>
    <source>D:\wwwroot\table</source>
  </sources>
  <packages>
    <package name="table" line-rate="1" branch-rate="0.8">
      <classes>
        <class name="Table.tsx" filename="src\table\Table.tsx" line-rate="1" branch-rate="0.8">
          <methods>
            <method name="(anonymous_0)" hits="11" signature="()V">
              <lines>
                <line number="19" hits="11"/>
              </lines>
            </method>
            <method name="(anonymous_1)" hits="15" signature="()V">
              <lines>
                <line number="29" hits="15"/>
              </lines>
            </method>
            <method name="(anonymous_2)" hits="15" signature="()V">
              <lines>
                <line number="30" hits="15"/>
              </lines>
            </method>
            <method name="(anonymous_3)" hits="7" signature="()V">
              <lines>
                <line number="33" hits="7"/>
              </lines>
            </method>
            <method name="(anonymous_4)" hits="1" signature="()V">
              <lines>
                <line number="39" hits="1"/>
              </lines>
            </method>
            <method name="(anonymous_5)" hits="39" signature="()V">
              <lines>
                <line number="62" hits="39"/>
              </lines>
            </method>
            <method name="(anonymous_6)" hits="39" signature="()V">
              <lines>
                <line number="73" hits="39"/>
              </lines>
            </method>
            <method name="(anonymous_7)" hits="39" signature="()V">
              <lines>
                <line number="78" hits="39"/>
              </lines>
            </method>
          </methods>
          <lines>
            <line number="20" hits="11" branch="false"/>
            <line number="24" hits="11" branch="false"/>
            <line number="26" hits="11" branch="false"/>
            <line number="27" hits="11" branch="true" condition-coverage="50% (1/2)"/>
            <line number="29" hits="11" branch="false"/>
            <line number="30" hits="15" branch="false"/>
            <line number="33" hits="11" branch="false"/>
            <line number="34" hits="7" branch="false"/>
            <line number="35" hits="7" branch="true" condition-coverage="50% (1/2)"/>
            <line number="36" hits="7" branch="false"/>
            <line number="39" hits="11" branch="false"/>
            <line number="40" hits="1" branch="false"/>
            <line number="41" hits="1" branch="false"/>
            <line number="42" hits="1" branch="false"/>
            <line number="46" hits="11" branch="false"/>
            <line number="64" hits="39" branch="false"/>
            <line number="65" hits="39" branch="true" condition-coverage="100% (3/3)"/>
            <line number="68" hits="39" branch="false"/>
            <line number="73" hits="39" branch="false"/>
            <line number="74" hits="39" branch="false"/>
            <line number="78" hits="39" branch="false"/>
            <line number="79" hits="39" branch="false"/>
            <line number="80" hits="39" branch="true" condition-coverage="75% (3/4)"/>
            <line number="84" hits="39" branch="false"/>
            <line number="89" hits="39" branch="false"/>
            <line number="96" hits="39" branch="false"/>
            <line number="98" hits="39" branch="true" condition-coverage="100% (2/2)"/>
            <line number="102" hits="39" branch="false"/>
          </lines>
        </class>
        <class name="index.ts" filename="src\table\index.ts" line-rate="0" branch-rate="0">
          <methods>
          </methods>
          <lines>
          </lines>
        </class>
        <class name="types.ts" filename="src\table\types.ts" line-rate="1" branch-rate="1">
          <methods>
            <method name="pick" hits="2" signature="()V">
              <lines>
                <line number="39" hits="2"/>
              </lines>
            </method>
            <method name="(anonymous_1)" hits="8" signature="()V">
              <lines>
                <line number="44" hits="8"/>
              </lines>
            </method>
            <method name="(anonymous_2)" hits="3" signature="()V">
              <lines>
                <line number="45" hits="3"/>
              </lines>
            </method>
            <method name="(anonymous_3)" hits="11" signature="()V">
              <lines>
                <line number="61" hits="11"/>
              </lines>
            </method>
          </methods>
          <lines>
            <line number="43" hits="2" branch="false"/>
            <line number="44" hits="8" branch="false"/>
            <line number="46" hits="3" branch="false"/>
            <line number="47" hits="3" branch="false"/>
            <line number="52" hits="1" branch="false"/>
            <line number="61" hits="11" branch="false"/>
            <line number="75" hits="1" branch="false"/>
          </lines>
        </class>
      </classes>
    </package>
    <package name="table.common" line-rate="1" branch-rate="0.8">
      <classes>
        <class name="const.ts" filename="src\table\common\const.ts" line-rate="1" branch-rate="1">
          <methods>
          </methods>
          <lines>
            <line number="1" hits="1" branch="false"/>
          </lines>
        </class>
        <class name="hooks.ts" filename="src\table\common\hooks.ts" line-rate="1" branch-rate="0.8">
          <methods>
            <method name="sortData" hits="39" signature="()V">
              <lines>
                <line number="3" hits="39"/>
              </lines>
            </method>
            <method name="(anonymous_1)" hits="23" signature="()V">
              <lines>
                <line number="11" hits="23"/>
              </lines>
            </method>
          </methods>
          <lines>
            <line number="4" hits="39" branch="true" condition-coverage="100% (5/5)"/>
            <line number="5" hits="4" branch="true" condition-coverage="50% (1/2)"/>
            <line number="8" hits="35" branch="false"/>
            <line number="9" hits="35" branch="true" condition-coverage="100% (2/2)"/>
            <line number="11" hits="35" branch="true" condition-coverage="66.66666666666666% (4/6)"/>
          </lines>
        </class>
        <class name="table.less" filename="src\table\common\table.less" line-rate="1" branch-rate="1">
          <methods>
          </methods>
          <lines>
            <line number="1" hits="1" branch="false"/>
          </lines>
        </class>
      </classes>
    </package>
    <package name="table.components" line-rate="0.8636" branch-rate="0.78">
      <classes>
        <class name="Body.tsx" filename="src\table\components\Body.tsx" line-rate="1" branch-rate="0.9">
          <methods>
            <method name="getRowHTML" hits="104" signature="()V">
              <lines>
                <line number="5" hits="104"/>
              </lines>
            </method>
            <method name="(anonymous_1)" hits="11" signature="()V">
              <lines>
                <line number="24" hits="11"/>
              </lines>
            </method>
            <method name="(anonymous_2)" hits="38" signature="()V">
              <lines>
                <line number="31" hits="38"/>
              </lines>
            </method>
            <method name="(anonymous_3)" hits="52" signature="()V">
              <lines>
                <line number="34" hits="52"/>
              </lines>
            </method>
            <method name="(anonymous_4)" hits="104" signature="()V">
              <lines>
                <line number="36" hits="104"/>
              </lines>
            </method>
          </methods>
          <lines>
            <line number="6" hits="104" branch="true" condition-coverage="100% (2/2)"/>
            <line number="7" hits="104" branch="false"/>
            <line number="13" hits="104" branch="true" condition-coverage="100% (4/4)"/>
            <line number="18" hits="104" branch="false"/>
            <line number="21" hits="1" branch="false"/>
            <line number="25" hits="11" branch="true" condition-coverage="50% (1/2)"/>
            <line number="27" hits="11" branch="false"/>
            <line number="32" hits="38" branch="false"/>
            <line number="35" hits="52" branch="false"/>
            <line number="36" hits="104" branch="false"/>
          </lines>
        </class>
        <class name="Header.tsx" filename="src\table\components\Header.tsx" line-rate="1" branch-rate="0.8461">
          <methods>
            <method name="getTitle" hits="54" signature="()V">
              <lines>
                <line number="8" hits="54"/>
              </lines>
            </method>
            <method name="getSort" hits="54" signature="()V">
              <lines>
                <line number="17" hits="54"/>
              </lines>
            </method>
            <method name="getNextSortStatus" hits="7" signature="()V">
              <lines>
                <line number="28" hits="7"/>
              </lines>
            </method>
            <method name="getColumnHTML" hits="54" signature="()V">
              <lines>
                <line number="48" hits="54"/>
              </lines>
            </method>
            <method name="(anonymous_4)" hits="8" signature="()V">
              <lines>
                <line number="51" hits="8"/>
              </lines>
            </method>
            <method name="(anonymous_5)" hits="11" signature="()V">
              <lines>
                <line number="67" hits="11"/>
              </lines>
            </method>
            <method name="(anonymous_6)" hits="54" signature="()V">
              <lines>
                <line number="71" hits="54"/>
              </lines>
            </method>
            <method name="(anonymous_7)" hits="7" signature="()V">
              <lines>
                <line number="71" hits="7"/>
              </lines>
            </method>
            <method name="(anonymous_8)" hits="27" signature="()V">
              <lines>
                <line number="77" hits="27"/>
              </lines>
            </method>
          </methods>
          <lines>
            <line number="6" hits="1" branch="false"/>
            <line number="9" hits="54" branch="false"/>
            <line number="10" hits="54" branch="true" condition-coverage="100% (4/4)"/>
            <line number="14" hits="54" branch="false"/>
            <line number="18" hits="54" branch="true" condition-coverage="100% (3/3)"/>
            <line number="19" hits="54" branch="true" condition-coverage="100% (2/2)"/>
            <line number="25" hits="54" branch="true" condition-coverage="100% (2/2)"/>
            <line number="29" hits="7" branch="false"/>
            <line number="30" hits="7" branch="true" condition-coverage="100% (4/4)"/>
            <line number="32" hits="2" branch="false"/>
            <line number="33" hits="2" branch="false"/>
            <line number="35" hits="2" branch="false"/>
            <line number="36" hits="2" branch="false"/>
            <line number="38" hits="2" branch="false"/>
            <line number="39" hits="2" branch="false"/>
            <line number="42" hits="1" branch="false"/>
            <line number="43" hits="1" branch="false"/>
            <line number="45" hits="7" branch="false"/>
            <line number="49" hits="54" branch="false"/>
            <line number="50" hits="54" branch="false"/>
            <line number="51" hits="54" branch="false"/>
            <line number="52" hits="8" branch="true" condition-coverage="100% (2/2)"/>
            <line number="53" hits="1" branch="false"/>
            <line number="56" hits="7" branch="false"/>
            <line number="59" hits="54" branch="true" condition-coverage="50% (1/2)"/>
            <line number="61" hits="54" branch="false"/>
            <line number="64" hits="1" branch="false"/>
            <line number="68" hits="11" branch="true" condition-coverage="33.33333333333333% (1/3)"/>
            <line number="70" hits="11" branch="false"/>
            <line number="71" hits="54" branch="false"/>
            <line number="72" hits="7" branch="false"/>
            <line number="73" hits="7" branch="false"/>
            <line number="78" hits="27" branch="false"/>
          </lines>
        </class>
        <class name="Pager.tsx" filename="src\table\components\Pager.tsx" line-rate="0.6086" branch-rate="0.5714">
          <methods>
            <method name="renderPage" hits="21" signature="()V">
              <lines>
                <line number="4" hits="21"/>
              </lines>
            </method>
            <method name="(anonymous_1)" hits="13" signature="()V">
              <lines>
                <line number="5" hits="13"/>
              </lines>
            </method>
            <method name="(anonymous_2)" hits="0" signature="()V">
              <lines>
                <line number="13" hits="0"/>
              </lines>
            </method>
            <method name="(anonymous_3)" hits="11" signature="()V">
              <lines>
                <line number="26" hits="11"/>
              </lines>
            </method>
            <method name="(anonymous_4)" hits="21" signature="()V">
              <lines>
                <line number="28" hits="21"/>
              </lines>
            </method>
            <method name="(anonymous_5)" hits="11" signature="()V">
              <lines>
                <line number="31" hits="11"/>
              </lines>
            </method>
            <method name="(anonymous_6)" hits="9" signature="()V">
              <lines>
                <line number="32" hits="9"/>
              </lines>
            </method>
            <method name="(anonymous_7)" hits="21" signature="()V">
              <lines>
                <line number="33" hits="21"/>
              </lines>
            </method>
            <method name="(anonymous_8)" hits="13" signature="()V">
              <lines>
                <line number="33" hits="13"/>
              </lines>
            </method>
            <method name="(anonymous_9)" hits="0" signature="()V">
              <lines>
                <line number="35" hits="0"/>
              </lines>
            </method>
            <method name="(anonymous_10)" hits="0" signature="()V">
              <lines>
                <line number="49" hits="0"/>
              </lines>
            </method>
            <method name="(anonymous_11)" hits="0" signature="()V">
              <lines>
                <line number="55" hits="0"/>
              </lines>
            </method>
            <method name="(anonymous_12)" hits="21" signature="()V">
              <lines>
                <line number="63" hits="21"/>
              </lines>
            </method>
          </methods>
          <lines>
            <line number="5" hits="21" branch="false"/>
            <line number="6" hits="13" branch="false"/>
            <line number="7" hits="13" branch="true" condition-coverage="100% (2/2)"/>
            <line number="8" hits="13" branch="false"/>
            <line number="13" hits="0" branch="false"/>
            <line number="20" hits="1" branch="false"/>
            <line number="27" hits="11" branch="false"/>
            <line number="28" hits="21" branch="false"/>
            <line number="29" hits="11" branch="true" condition-coverage="75% (3/4)"/>
            <line number="31" hits="11" branch="true" condition-coverage="50% (1/2)"/>
            <line number="32" hits="11" branch="false"/>
            <line number="33" hits="21" branch="false"/>
            <line number="35" hits="11" branch="false"/>
            <line number="36" hits="0" branch="false"/>
            <line number="37" hits="0" branch="false"/>
            <line number="40" hits="11" branch="false"/>
            <line number="50" hits="0" branch="false"/>
            <line number="51" hits="0" branch="true" condition-coverage="0% (0/2)"/>
            <line number="52" hits="0" branch="false"/>
            <line number="56" hits="0" branch="false"/>
            <line number="57" hits="0" branch="true" condition-coverage="0% (0/2)"/>
            <line number="58" hits="0" branch="false"/>
            <line number="64" hits="21" branch="false"/>
          </lines>
        </class>
      </classes>
    </package>
  </packages>
</coverage>
