{"D:\\wwwroot\\table\\src\\table\\Table.tsx": {"path":"D:\\wwwroot\\table\\src\\table\\Table.tsx","statementMap":{"0":{"start":{"line":21,"column":38},"end":{"line":21,"column":53}},"1":{"start":{"line":22,"column":40},"end":{"line":22,"column":57}},"2":{"start":{"line":23,"column":29},"end":{"line":27,"column":6}},"3":{"start":{"line":29,"column":21},"end":{"line":29,"column":45}},"4":{"start":{"line":30,"column":4},"end":{"line":32,"column":7}},"5":{"start":{"line":31,"column":6},"end":{"line":31,"column":50}},"6":{"start":{"line":34,"column":18},"end":{"line":34,"column":61}},"7":{"start":{"line":34,"column":33},"end":{"line":34,"column":60}},"8":{"start":{"line":36,"column":17},"end":{"line":36,"column":38}},"9":{"start":{"line":38,"column":4},"end":{"line":40,"column":7}},"10":{"start":{"line":42,"column":4},"end":{"line":59,"column":6}},"11":{"start":{"line":64,"column":19},"end":{"line":64,"column":141}},"12":{"start":{"line":67,"column":17},"end":{"line":67,"column":72}},"13":{"start":{"line":70,"column":18},"end":{"line":70,"column":131}},"14":{"start":{"line":72,"column":4},"end":{"line":79,"column":6}}},"fnMap":{"0":{"name":"(anonymous_0)","decl":{"start":{"line":20,"column":2},"end":{"line":20,"column":3}},"loc":{"start":{"line":20,"column":26},"end":{"line":60,"column":3}},"line":20},"1":{"name":"(anonymous_1)","decl":{"start":{"line":30,"column":16},"end":{"line":30,"column":17}},"loc":{"start":{"line":30,"column":22},"end":{"line":32,"column":5}},"line":30},"2":{"name":"(anonymous_2)","decl":{"start":{"line":34,"column":27},"end":{"line":34,"column":28}},"loc":{"start":{"line":34,"column":33},"end":{"line":34,"column":60}},"line":34},"3":{"name":"(anonymous_3)","decl":{"start":{"line":62,"column":2},"end":{"line":62,"column":3}},"loc":{"start":{"line":62,"column":11},"end":{"line":80,"column":3}},"line":62}},"branchMap":{"0":{"loc":{"start":{"line":70,"column":18},"end":{"line":70,"column":131}},"type":"cond-expr","locations":[{"start":{"line":70,"column":47},"end":{"line":70,"column":126}},{"start":{"line":70,"column":129},"end":{"line":70,"column":131}}],"line":70}},"s":{"0":13,"1":13,"2":13,"3":13,"4":13,"5":42,"6":13,"7":5,"8":13,"9":13,"10":13,"11":44,"12":44,"13":44,"14":44},"f":{"0":13,"1":42,"2":5,"3":44},"b":{"0":[9,35]},"_coverageSchema":"1a1c01bbd47fc00a2c39e90264f33305004495a9","hash":"0226442f9b63cdfc96d6405ce6243a48ab97a6ba"}
,"D:\\wwwroot\\table\\src\\table\\index.ts": {"path":"D:\\wwwroot\\table\\src\\table\\index.ts","statementMap":{},"fnMap":{},"branchMap":{},"s":{},"f":{},"b":{},"_coverageSchema":"1a1c01bbd47fc00a2c39e90264f33305004495a9","hash":"1f539cc494c9a73a45b2d1eff428873d2a742c2d"}
,"D:\\wwwroot\\table\\src\\table\\types.ts": {"path":"D:\\wwwroot\\table\\src\\table\\types.ts","statementMap":{"0":{"start":{"line":45,"column":4},"end":{"line":50,"column":36}},"1":{"start":{"line":46,"column":23},"end":{"line":46,"column":62}},"2":{"start":{"line":48,"column":12},"end":{"line":48,"column":33}},"3":{"start":{"line":49,"column":12},"end":{"line":49,"column":23}},"4":{"start":{"line":54,"column":26},"end":{"line":74,"column":1}},"5":{"start":{"line":63,"column":19},"end":{"line":63,"column":21}},"6":{"start":{"line":77,"column":26},"end":{"line":98,"column":1}}},"fnMap":{"0":{"name":"pick","decl":{"start":{"line":41,"column":16},"end":{"line":41,"column":20}},"loc":{"start":{"line":44,"column":21},"end":{"line":51,"column":1}},"line":44},"1":{"name":"(anonymous_1)","decl":{"start":{"line":46,"column":16},"end":{"line":46,"column":17}},"loc":{"start":{"line":46,"column":23},"end":{"line":46,"column":62}},"line":46},"2":{"name":"(anonymous_2)","decl":{"start":{"line":47,"column":16},"end":{"line":47,"column":17}},"loc":{"start":{"line":47,"column":30},"end":{"line":50,"column":9}},"line":47},"3":{"name":"(anonymous_3)","decl":{"start":{"line":63,"column":13},"end":{"line":63,"column":14}},"loc":{"start":{"line":63,"column":19},"end":{"line":63,"column":21}},"line":63}},"branchMap":{},"s":{"0":1,"1":4,"2":1,"3":1,"4":1,"5":13,"6":1},"f":{"0":1,"1":4,"2":1,"3":13},"b":{},"_coverageSchema":"1a1c01bbd47fc00a2c39e90264f33305004495a9","hash":"3b7084acbd1e6f4d9b4cad1376cb04886680dedc"}
,"D:\\wwwroot\\table\\src\\table\\common\\const.ts": {"path":"D:\\wwwroot\\table\\src\\table\\common\\const.ts","statementMap":{"0":{"start":{"line":1,"column":27},"end":{"line":1,"column":43}}},"fnMap":{},"branchMap":{},"s":{"0":1},"f":{},"b":{},"_coverageSchema":"1a1c01bbd47fc00a2c39e90264f33305004495a9","hash":"c1ea807fef8f7af63f1abbaf7432191c65aa793a"}
,"D:\\wwwroot\\table\\src\\table\\common\\table.less": {"path":"D:\\wwwroot\\table\\src\\table\\common\\table.less","statementMap":{"0":{"start":{"line":1,"column":0},"end":{"line":1,"column":19}}},"fnMap":{},"branchMap":{},"s":{"0":1},"f":{},"b":{},"_coverageSchema":"1a1c01bbd47fc00a2c39e90264f33305004495a9","hash":"ece0d5eb604108f5939804863972af6cc41d32e0"}
,"D:\\wwwroot\\table\\src\\table\\components\\Body.tsx": {"path":"D:\\wwwroot\\table\\src\\table\\components\\Body.tsx","statementMap":{"0":{"start":{"line":6,"column":14},"end":{"line":6,"column":36}},"1":{"start":{"line":7,"column":17},"end":{"line":10,"column":3}},"2":{"start":{"line":13,"column":4},"end":{"line":15,"column":11}},"3":{"start":{"line":16,"column":2},"end":{"line":16,"column":60}},"4":{"start":{"line":19,"column":26},"end":{"line":46,"column":2}},"5":{"start":{"line":29,"column":22},"end":{"line":29,"column":42}},"6":{"start":{"line":31,"column":4},"end":{"line":33,"column":6}},"7":{"start":{"line":36,"column":4},"end":{"line":44,"column":6}},"8":{"start":{"line":39,"column":10},"end":{"line":41,"column":15}},"9":{"start":{"line":40,"column":42},"end":{"line":40,"column":78}}},"fnMap":{"0":{"name":"getRowHTML","decl":{"start":{"line":5,"column":9},"end":{"line":5,"column":19}},"loc":{"start":{"line":5,"column":87},"end":{"line":17,"column":1}},"line":5},"1":{"name":"(anonymous_1)","decl":{"start":{"line":28,"column":2},"end":{"line":28,"column":3}},"loc":{"start":{"line":28,"column":10},"end":{"line":34,"column":3}},"line":28},"2":{"name":"(anonymous_2)","decl":{"start":{"line":35,"column":2},"end":{"line":35,"column":3}},"loc":{"start":{"line":35,"column":11},"end":{"line":45,"column":3}},"line":35},"3":{"name":"(anonymous_3)","decl":{"start":{"line":38,"column":23},"end":{"line":38,"column":24}},"loc":{"start":{"line":39,"column":10},"end":{"line":41,"column":15}},"line":39},"4":{"name":"(anonymous_4)","decl":{"start":{"line":40,"column":30},"end":{"line":40,"column":31}},"loc":{"start":{"line":40,"column":42},"end":{"line":40,"column":78}},"line":40}},"branchMap":{"0":{"loc":{"start":{"line":6,"column":14},"end":{"line":6,"column":36}},"type":"binary-expr","locations":[{"start":{"line":6,"column":14},"end":{"line":6,"column":30}},{"start":{"line":6,"column":34},"end":{"line":6,"column":36}}],"line":6},"1":{"loc":{"start":{"line":13,"column":4},"end":{"line":15,"column":11}},"type":"cond-expr","locations":[{"start":{"line":14,"column":8},"end":{"line":14,"column":35}},{"start":{"line":15,"column":8},"end":{"line":15,"column":11}}],"line":13}},"s":{"0":406,"1":406,"2":406,"3":406,"4":1,"5":13,"6":13,"7":36,"8":203,"9":406},"f":{"0":406,"1":13,"2":36,"3":203,"4":406},"b":{"0":[406,2],"1":[4,402]},"_coverageSchema":"1a1c01bbd47fc00a2c39e90264f33305004495a9","hash":"da203f482a8d8ff3467ffb26da01a30f0c9410c4"}
,"D:\\wwwroot\\table\\src\\table\\components\\Header.tsx": {"path":"D:\\wwwroot\\table\\src\\table\\components\\Header.tsx","statementMap":{"0":{"start":{"line":6,"column":21},"end":{"line":6,"column":39}},"1":{"start":{"line":9,"column":36},"end":{"line":9,"column":42}},"2":{"start":{"line":10,"column":17},"end":{"line":12,"column":9}},"3":{"start":{"line":14,"column":2},"end":{"line":14,"column":66}},"4":{"start":{"line":18,"column":2},"end":{"line":20,"column":3}},"5":{"start":{"line":19,"column":4},"end":{"line":19,"column":14}},"6":{"start":{"line":22,"column":22},"end":{"line":22,"column":69}},"7":{"start":{"line":23,"column":18},"end":{"line":27,"column":8}},"8":{"start":{"line":29,"column":2},"end":{"line":29,"column":90}},"9":{"start":{"line":32,"column":28},"end":{"line":63,"column":2}},"10":{"start":{"line":48,"column":22},"end":{"line":48,"column":42}},"11":{"start":{"line":50,"column":4},"end":{"line":58,"column":6}},"12":{"start":{"line":52,"column":23},"end":{"line":52,"column":46}},"13":{"start":{"line":53,"column":21},"end":{"line":53,"column":58}},"14":{"start":{"line":54,"column":22},"end":{"line":54,"column":46}},"15":{"start":{"line":55,"column":23},"end":{"line":55,"column":77}},"16":{"start":{"line":55,"column":29},"end":{"line":55,"column":77}},"17":{"start":{"line":56,"column":8},"end":{"line":56,"column":99}},"18":{"start":{"line":61,"column":4},"end":{"line":61,"column":85}}},"fnMap":{"0":{"name":"getTitle","decl":{"start":{"line":8,"column":9},"end":{"line":8,"column":17}},"loc":{"start":{"line":8,"column":58},"end":{"line":15,"column":1}},"line":8},"1":{"name":"getSort","decl":{"start":{"line":17,"column":9},"end":{"line":17,"column":16}},"loc":{"start":{"line":17,"column":68},"end":{"line":30,"column":1}},"line":17},"2":{"name":"(anonymous_2)","decl":{"start":{"line":47,"column":2},"end":{"line":47,"column":3}},"loc":{"start":{"line":47,"column":15},"end":{"line":59,"column":3}},"line":47},"3":{"name":"(anonymous_3)","decl":{"start":{"line":51,"column":24},"end":{"line":51,"column":25}},"loc":{"start":{"line":51,"column":54},"end":{"line":57,"column":7}},"line":51},"4":{"name":"(anonymous_4)","decl":{"start":{"line":55,"column":23},"end":{"line":55,"column":24}},"loc":{"start":{"line":55,"column":29},"end":{"line":55,"column":77}},"line":55},"5":{"name":"(anonymous_5)","decl":{"start":{"line":60,"column":2},"end":{"line":60,"column":3}},"loc":{"start":{"line":60,"column":11},"end":{"line":62,"column":3}},"line":60}},"branchMap":{"0":{"loc":{"start":{"line":10,"column":17},"end":{"line":12,"column":9}},"type":"cond-expr","locations":[{"start":{"line":11,"column":6},"end":{"line":11,"column":25}},{"start":{"line":12,"column":6},"end":{"line":12,"column":9}}],"line":10},"1":{"loc":{"start":{"line":18,"column":2},"end":{"line":20,"column":3}},"type":"if","locations":[{"start":{"line":18,"column":2},"end":{"line":20,"column":3}},{"start":{"line":18,"column":2},"end":{"line":20,"column":3}}],"line":18},"2":{"loc":{"start":{"line":18,"column":6},"end":{"line":18,"column":43}},"type":"binary-expr","locations":[{"start":{"line":18,"column":6},"end":{"line":18,"column":17}},{"start":{"line":18,"column":21},"end":{"line":18,"column":43}}],"line":18},"3":{"loc":{"start":{"line":23,"column":18},"end":{"line":27,"column":8}},"type":"cond-expr","locations":[{"start":{"line":24,"column":6},"end":{"line":26,"column":30}},{"start":{"line":27,"column":6},"end":{"line":27,"column":8}}],"line":23},"4":{"loc":{"start":{"line":24,"column":6},"end":{"line":26,"column":30}},"type":"cond-expr","locations":[{"start":{"line":25,"column":8},"end":{"line":25,"column":29}},{"start":{"line":26,"column":8},"end":{"line":26,"column":30}}],"line":24},"5":{"loc":{"start":{"line":29,"column":9},"end":{"line":29,"column":89}},"type":"cond-expr","locations":[{"start":{"line":29,"column":23},"end":{"line":29,"column":84}},{"start":{"line":29,"column":87},"end":{"line":29,"column":89}}],"line":29},"6":{"loc":{"start":{"line":55,"column":29},"end":{"line":55,"column":77}},"type":"binary-expr","locations":[{"start":{"line":55,"column":29},"end":{"line":55,"column":44}},{"start":{"line":55,"column":48},"end":{"line":55,"column":77}}],"line":55}},"s":{"0":1,"1":44,"2":44,"3":44,"4":44,"5":36,"6":8,"7":8,"8":8,"9":1,"10":13,"11":13,"12":44,"13":44,"14":44,"15":44,"16":8,"17":44,"18":22},"f":{"0":44,"1":44,"2":13,"3":44,"4":8,"5":22},"b":{"0":[1,43],"1":[36,8],"2":[44,16],"3":[5,3],"4":[3,2],"5":[5,3],"6":[8,7]},"_coverageSchema":"1a1c01bbd47fc00a2c39e90264f33305004495a9","hash":"e2c256a7a27cf4e55d99cc93e0957af7fbc25a89"}
,"D:\\wwwroot\\table\\src\\table\\components\\Pager.tsx": {"path":"D:\\wwwroot\\table\\src\\table\\components\\Pager.tsx","statementMap":{"0":{"start":{"line":6,"column":2},"end":{"line":18,"column":5}},"1":{"start":{"line":7,"column":22},"end":{"line":7,"column":38}},"2":{"start":{"line":8,"column":16},"end":{"line":8,"column":86}},"3":{"start":{"line":9,"column":4},"end":{"line":17,"column":6}},"4":{"start":{"line":14,"column":58},"end":{"line":14,"column":70}},"5":{"start":{"line":21,"column":22},"end":{"line":103,"column":2}},"6":{"start":{"line":28,"column":48},"end":{"line":28,"column":61}},"7":{"start":{"line":31,"column":22},"end":{"line":31,"column":74}},"8":{"start":{"line":31,"column":37},"end":{"line":31,"column":73}},"9":{"start":{"line":34,"column":20},"end":{"line":34,"column":103}},"10":{"start":{"line":37,"column":20},"end":{"line":37,"column":107}},"11":{"start":{"line":37,"column":35},"end":{"line":37,"column":106}},"12":{"start":{"line":40,"column":22},"end":{"line":49,"column":6}},"13":{"start":{"line":40,"column":37},"end":{"line":49,"column":5}},"14":{"start":{"line":52,"column":21},"end":{"line":52,"column":136}},"15":{"start":{"line":52,"column":36},"end":{"line":52,"column":135}},"16":{"start":{"line":52,"column":113},"end":{"line":52,"column":134}},"17":{"start":{"line":55,"column":23},"end":{"line":58,"column":5}},"18":{"start":{"line":56,"column":6},"end":{"line":56,"column":27}},"19":{"start":{"line":57,"column":6},"end":{"line":57,"column":25}},"20":{"start":{"line":60,"column":4},"end":{"line":78,"column":6}},"21":{"start":{"line":71,"column":8},"end":{"line":71,"column":30}},"22":{"start":{"line":72,"column":8},"end":{"line":72,"column":22}},"23":{"start":{"line":75,"column":8},"end":{"line":75,"column":29}},"24":{"start":{"line":76,"column":8},"end":{"line":76,"column":36}},"25":{"start":{"line":81,"column":20},"end":{"line":81,"column":42}},"26":{"start":{"line":83,"column":4},"end":{"line":101,"column":6}}},"fnMap":{"0":{"name":"renderPage","decl":{"start":{"line":5,"column":9},"end":{"line":5,"column":19}},"loc":{"start":{"line":5,"column":89},"end":{"line":19,"column":1}},"line":5},"1":{"name":"(anonymous_1)","decl":{"start":{"line":6,"column":22},"end":{"line":6,"column":23}},"loc":{"start":{"line":6,"column":30},"end":{"line":18,"column":3}},"line":6},"2":{"name":"(anonymous_2)","decl":{"start":{"line":14,"column":52},"end":{"line":14,"column":53}},"loc":{"start":{"line":14,"column":58},"end":{"line":14,"column":70}},"line":14},"3":{"name":"(anonymous_3)","decl":{"start":{"line":27,"column":2},"end":{"line":27,"column":3}},"loc":{"start":{"line":27,"column":25},"end":{"line":79,"column":3}},"line":27},"4":{"name":"(anonymous_4)","decl":{"start":{"line":31,"column":31},"end":{"line":31,"column":32}},"loc":{"start":{"line":31,"column":37},"end":{"line":31,"column":73}},"line":31},"5":{"name":"(anonymous_5)","decl":{"start":{"line":37,"column":29},"end":{"line":37,"column":30}},"loc":{"start":{"line":37,"column":35},"end":{"line":37,"column":106}},"line":37},"6":{"name":"(anonymous_6)","decl":{"start":{"line":40,"column":31},"end":{"line":40,"column":32}},"loc":{"start":{"line":40,"column":37},"end":{"line":49,"column":5}},"line":40},"7":{"name":"(anonymous_7)","decl":{"start":{"line":52,"column":30},"end":{"line":52,"column":31}},"loc":{"start":{"line":52,"column":36},"end":{"line":52,"column":135}},"line":52},"8":{"name":"(anonymous_8)","decl":{"start":{"line":52,"column":101},"end":{"line":52,"column":102}},"loc":{"start":{"line":52,"column":113},"end":{"line":52,"column":134}},"line":52},"9":{"name":"(anonymous_9)","decl":{"start":{"line":55,"column":23},"end":{"line":55,"column":24}},"loc":{"start":{"line":55,"column":41},"end":{"line":58,"column":5}},"line":55},"10":{"name":"(anonymous_10)","decl":{"start":{"line":70,"column":19},"end":{"line":70,"column":20}},"loc":{"start":{"line":70,"column":25},"end":{"line":73,"column":7}},"line":70},"11":{"name":"(anonymous_11)","decl":{"start":{"line":74,"column":18},"end":{"line":74,"column":19}},"loc":{"start":{"line":74,"column":24},"end":{"line":77,"column":7}},"line":74},"12":{"name":"(anonymous_12)","decl":{"start":{"line":80,"column":2},"end":{"line":80,"column":3}},"loc":{"start":{"line":80,"column":11},"end":{"line":102,"column":3}},"line":80}},"branchMap":{"0":{"loc":{"start":{"line":8,"column":34},"end":{"line":8,"column":75}},"type":"cond-expr","locations":[{"start":{"line":8,"column":46},"end":{"line":8,"column":70}},{"start":{"line":8,"column":73},"end":{"line":8,"column":75}}],"line":8},"1":{"loc":{"start":{"line":12,"column":10},"end":{"line":14,"column":82}},"type":"cond-expr","locations":[{"start":{"line":13,"column":14},"end":{"line":13,"column":59}},{"start":{"line":14,"column":14},"end":{"line":14,"column":82}}],"line":12},"2":{"loc":{"start":{"line":34,"column":24},"end":{"line":34,"column":102}},"type":"cond-expr","locations":[{"start":{"line":34,"column":76},"end":{"line":34,"column":98}},{"start":{"line":34,"column":101},"end":{"line":34,"column":102}}],"line":34},"3":{"loc":{"start":{"line":34,"column":25},"end":{"line":34,"column":72}},"type":"binary-expr","locations":[{"start":{"line":34,"column":25},"end":{"line":34,"column":39}},{"start":{"line":34,"column":43},"end":{"line":34,"column":72}}],"line":34},"4":{"loc":{"start":{"line":37,"column":35},"end":{"line":37,"column":106}},"type":"cond-expr","locations":[{"start":{"line":37,"column":65},"end":{"line":37,"column":82}},{"start":{"line":37,"column":85},"end":{"line":37,"column":106}}],"line":37},"5":{"loc":{"start":{"line":86,"column":10},"end":{"line":90,"column":16}},"type":"cond-expr","locations":[{"start":{"line":87,"column":14},"end":{"line":89,"column":17}},{"start":{"line":90,"column":14},"end":{"line":90,"column":16}}],"line":86},"6":{"loc":{"start":{"line":86,"column":10},"end":{"line":86,"column":39}},"type":"binary-expr","locations":[{"start":{"line":86,"column":10},"end":{"line":86,"column":17}},{"start":{"line":86,"column":21},"end":{"line":86,"column":39}}],"line":86},"7":{"loc":{"start":{"line":94,"column":10},"end":{"line":98,"column":16}},"type":"cond-expr","locations":[{"start":{"line":95,"column":14},"end":{"line":97,"column":17}},{"start":{"line":98,"column":14},"end":{"line":98,"column":16}}],"line":94},"8":{"loc":{"start":{"line":94,"column":10},"end":{"line":94,"column":50}},"type":"binary-expr","locations":[{"start":{"line":94,"column":10},"end":{"line":94,"column":17}},{"start":{"line":94,"column":21},"end":{"line":94,"column":50}}],"line":94}},"s":{"0":8,"1":27,"2":27,"3":27,"4":1,"5":1,"6":4,"7":4,"8":5,"9":4,"10":4,"11":4,"12":4,"13":6,"14":4,"15":8,"16":27,"17":4,"18":3,"19":3,"20":4,"21":1,"22":1,"23":1,"24":1,"25":8,"26":8},"f":{"0":8,"1":27,"2":1,"3":4,"4":5,"5":4,"6":6,"7":8,"8":27,"9":3,"10":1,"11":1,"12":8},"b":{"0":[6,21],"1":[6,21],"2":[2,2],"3":[4,3],"4":[3,1],"5":[2,6],"6":[8,6],"7":[5,3],"8":[8,6]},"_coverageSchema":"1a1c01bbd47fc00a2c39e90264f33305004495a9","hash":"d965a16643af6f73d087668ccb4e61a569cbfdfb"}
,"D:\\wwwroot\\table\\src\\table\\hooks\\useDataStore.ts": {"path":"D:\\wwwroot\\table\\src\\table\\hooks\\useDataStore.ts","statementMap":{"0":{"start":{"line":32,"column":18},"end":{"line":32,"column":50}},"1":{"start":{"line":35,"column":22},"end":{"line":39,"column":3}},"2":{"start":{"line":36,"column":4},"end":{"line":38,"column":45}},"3":{"start":{"line":42,"column":19},"end":{"line":42,"column":54}},"4":{"start":{"line":45,"column":21},"end":{"line":47,"column":3}},"5":{"start":{"line":46,"column":10},"end":{"line":46,"column":60}},"6":{"start":{"line":50,"column":20},"end":{"line":52,"column":3}},"7":{"start":{"line":51,"column":4},"end":{"line":51,"column":50}},"8":{"start":{"line":55,"column":22},"end":{"line":64,"column":3}},"9":{"start":{"line":56,"column":4},"end":{"line":62,"column":5}},"10":{"start":{"line":57,"column":6},"end":{"line":60,"column":8}},"11":{"start":{"line":61,"column":6},"end":{"line":61,"column":19}},"12":{"start":{"line":63,"column":4},"end":{"line":63,"column":16}},"13":{"start":{"line":67,"column":20},"end":{"line":81,"column":3}},"14":{"start":{"line":68,"column":4},"end":{"line":70,"column":5}},"15":{"start":{"line":69,"column":6},"end":{"line":69,"column":19}},"16":{"start":{"line":72,"column":4},"end":{"line":78,"column":5}},"17":{"start":{"line":73,"column":6},"end":{"line":76,"column":8}},"18":{"start":{"line":77,"column":6},"end":{"line":77,"column":19}},"19":{"start":{"line":80,"column":4},"end":{"line":80,"column":16}},"20":{"start":{"line":84,"column":18},"end":{"line":86,"column":3}},"21":{"start":{"line":89,"column":13},"end":{"line":89,"column":33}},"22":{"start":{"line":92,"column":2},"end":{"line":96,"column":5}},"23":{"start":{"line":93,"column":4},"end":{"line":95,"column":5}},"24":{"start":{"line":94,"column":6},"end":{"line":94,"column":50}},"25":{"start":{"line":99,"column":2},"end":{"line":101,"column":5}},"26":{"start":{"line":100,"column":4},"end":{"line":100,"column":33}},"27":{"start":{"line":103,"column":2},"end":{"line":154,"column":4}},"28":{"start":{"line":106,"column":6},"end":{"line":106,"column":29}},"29":{"start":{"line":111,"column":6},"end":{"line":111,"column":30}},"30":{"start":{"line":116,"column":6},"end":{"line":116,"column":30}},"31":{"start":{"line":121,"column":6},"end":{"line":121,"column":29}},"32":{"start":{"line":126,"column":6},"end":{"line":126,"column":31}},"33":{"start":{"line":131,"column":6},"end":{"line":133,"column":7}},"34":{"start":{"line":132,"column":8},"end":{"line":132,"column":15}},"35":{"start":{"line":134,"column":22},"end":{"line":134,"column":37}},"36":{"start":{"line":135,"column":6},"end":{"line":135,"column":29}},"37":{"start":{"line":136,"column":6},"end":{"line":136,"column":38}},"38":{"start":{"line":141,"column":6},"end":{"line":143,"column":7}},"39":{"start":{"line":142,"column":8},"end":{"line":142,"column":33}},"40":{"start":{"line":145,"column":6},"end":{"line":147,"column":7}},"41":{"start":{"line":146,"column":8},"end":{"line":146,"column":18}},"42":{"start":{"line":149,"column":20},"end":{"line":149,"column":49}},"43":{"start":{"line":150,"column":18},"end":{"line":150,"column":42}},"44":{"start":{"line":152,"column":6},"end":{"line":152,"column":49}}},"fnMap":{"0":{"name":"useDataStore","decl":{"start":{"line":26,"column":16},"end":{"line":26,"column":28}},"loc":{"start":{"line":30,"column":21},"end":{"line":155,"column":1}},"line":30},"1":{"name":"(anonymous_1)","decl":{"start":{"line":35,"column":31},"end":{"line":35,"column":32}},"loc":{"start":{"line":36,"column":4},"end":{"line":38,"column":45}},"line":36},"2":{"name":"(anonymous_2)","decl":{"start":{"line":46,"column":4},"end":{"line":46,"column":5}},"loc":{"start":{"line":46,"column":10},"end":{"line":46,"column":60}},"line":46},"3":{"name":"(anonymous_3)","decl":{"start":{"line":50,"column":29},"end":{"line":50,"column":30}},"loc":{"start":{"line":51,"column":4},"end":{"line":51,"column":50}},"line":51},"4":{"name":"(anonymous_4)","decl":{"start":{"line":55,"column":22},"end":{"line":55,"column":23}},"loc":{"start":{"line":55,"column":54},"end":{"line":64,"column":3}},"line":55},"5":{"name":"(anonymous_5)","decl":{"start":{"line":67,"column":20},"end":{"line":67,"column":21}},"loc":{"start":{"line":67,"column":54},"end":{"line":81,"column":3}},"line":67},"6":{"name":"(anonymous_6)","decl":{"start":{"line":92,"column":14},"end":{"line":92,"column":15}},"loc":{"start":{"line":92,"column":20},"end":{"line":96,"column":3}},"line":92},"7":{"name":"(anonymous_7)","decl":{"start":{"line":99,"column":14},"end":{"line":99,"column":15}},"loc":{"start":{"line":99,"column":20},"end":{"line":101,"column":3}},"line":99},"8":{"name":"(anonymous_8)","decl":{"start":{"line":105,"column":13},"end":{"line":105,"column":14}},"loc":{"start":{"line":105,"column":40},"end":{"line":107,"column":5}},"line":105},"9":{"name":"(anonymous_9)","decl":{"start":{"line":110,"column":14},"end":{"line":110,"column":15}},"loc":{"start":{"line":110,"column":20},"end":{"line":112,"column":5}},"line":110},"10":{"name":"(anonymous_10)","decl":{"start":{"line":115,"column":14},"end":{"line":115,"column":15}},"loc":{"start":{"line":115,"column":20},"end":{"line":117,"column":5}},"line":115},"11":{"name":"(anonymous_11)","decl":{"start":{"line":120,"column":20},"end":{"line":120,"column":21}},"loc":{"start":{"line":120,"column":26},"end":{"line":122,"column":5}},"line":120},"12":{"name":"(anonymous_12)","decl":{"start":{"line":125,"column":16},"end":{"line":125,"column":17}},"loc":{"start":{"line":125,"column":22},"end":{"line":127,"column":5}},"line":125},"13":{"name":"(anonymous_13)","decl":{"start":{"line":130,"column":10},"end":{"line":130,"column":11}},"loc":{"start":{"line":130,"column":28},"end":{"line":137,"column":5}},"line":130},"14":{"name":"(anonymous_14)","decl":{"start":{"line":140,"column":13},"end":{"line":140,"column":14}},"loc":{"start":{"line":140,"column":41},"end":{"line":153,"column":5}},"line":140}},"branchMap":{"0":{"loc":{"start":{"line":36,"column":4},"end":{"line":38,"column":45}},"type":"cond-expr","locations":[{"start":{"line":37,"column":8},"end":{"line":37,"column":23}},{"start":{"line":38,"column":8},"end":{"line":38,"column":45}}],"line":36},"1":{"loc":{"start":{"line":42,"column":23},"end":{"line":42,"column":53}},"type":"binary-expr","locations":[{"start":{"line":42,"column":23},"end":{"line":42,"column":47}},{"start":{"line":42,"column":51},"end":{"line":42,"column":53}}],"line":42},"2":{"loc":{"start":{"line":46,"column":10},"end":{"line":46,"column":60}},"type":"binary-expr","locations":[{"start":{"line":46,"column":10},"end":{"line":46,"column":34}},{"start":{"line":46,"column":38},"end":{"line":46,"column":60}}],"line":46},"3":{"loc":{"start":{"line":56,"column":4},"end":{"line":62,"column":5}},"type":"if","locations":[{"start":{"line":56,"column":4},"end":{"line":62,"column":5}},{"start":{"line":56,"column":4},"end":{"line":62,"column":5}}],"line":56},"4":{"loc":{"start":{"line":56,"column":8},"end":{"line":56,"column":45}},"type":"binary-expr","locations":[{"start":{"line":56,"column":8},"end":{"line":56,"column":16}},{"start":{"line":56,"column":20},"end":{"line":56,"column":45}}],"line":56},"5":{"loc":{"start":{"line":68,"column":4},"end":{"line":70,"column":5}},"type":"if","locations":[{"start":{"line":68,"column":4},"end":{"line":70,"column":5}},{"start":{"line":68,"column":4},"end":{"line":70,"column":5}}],"line":68},"6":{"loc":{"start":{"line":72,"column":4},"end":{"line":78,"column":5}},"type":"if","locations":[{"start":{"line":72,"column":4},"end":{"line":78,"column":5}},{"start":{"line":72,"column":4},"end":{"line":78,"column":5}}],"line":72},"7":{"loc":{"start":{"line":72,"column":8},"end":{"line":72,"column":49}},"type":"binary-expr","locations":[{"start":{"line":72,"column":8},"end":{"line":72,"column":23}},{"start":{"line":72,"column":27},"end":{"line":72,"column":49}}],"line":72},"8":{"loc":{"start":{"line":85,"column":4},"end":{"line":85,"column":68}},"type":"cond-expr","locations":[{"start":{"line":85,"column":41},"end":{"line":85,"column":64}},{"start":{"line":85,"column":67},"end":{"line":85,"column":68}}],"line":85},"9":{"loc":{"start":{"line":93,"column":4},"end":{"line":95,"column":5}},"type":"if","locations":[{"start":{"line":93,"column":4},"end":{"line":95,"column":5}},{"start":{"line":93,"column":4},"end":{"line":95,"column":5}}],"line":93},"10":{"loc":{"start":{"line":93,"column":8},"end":{"line":93,"column":73}},"type":"binary-expr","locations":[{"start":{"line":93,"column":8},"end":{"line":93,"column":32}},{"start":{"line":93,"column":36},"end":{"line":93,"column":73}}],"line":93},"11":{"loc":{"start":{"line":131,"column":6},"end":{"line":133,"column":7}},"type":"if","locations":[{"start":{"line":131,"column":6},"end":{"line":133,"column":7}},{"start":{"line":131,"column":6},"end":{"line":133,"column":7}}],"line":131},"12":{"loc":{"start":{"line":140,"column":14},"end":{"line":140,"column":36}},"type":"default-arg","locations":[{"start":{"line":140,"column":21},"end":{"line":140,"column":36}}],"line":140},"13":{"loc":{"start":{"line":141,"column":6},"end":{"line":143,"column":7}},"type":"if","locations":[{"start":{"line":141,"column":6},"end":{"line":143,"column":7}},{"start":{"line":141,"column":6},"end":{"line":143,"column":7}}],"line":141},"14":{"loc":{"start":{"line":145,"column":6},"end":{"line":147,"column":7}},"type":"if","locations":[{"start":{"line":145,"column":6},"end":{"line":147,"column":7}},{"start":{"line":145,"column":6},"end":{"line":147,"column":7}}],"line":145}},"s":{"0":13,"1":13,"2":35,"3":13,"4":13,"5":18,"6":13,"7":18,"8":13,"9":54,"10":3,"11":3,"12":51,"13":13,"14":37,"15":2,"16":35,"17":2,"18":2,"19":33,"20":13,"21":13,"22":13,"23":17,"24":16,"25":13,"26":13,"27":13,"28":1,"29":1,"30":5,"31":1,"32":2,"33":4,"34":1,"35":3,"36":3,"37":3,"38":49,"39":29,"40":20,"41":3,"42":17,"43":17,"44":17},"f":{"0":13,"1":35,"2":18,"3":18,"4":54,"5":37,"6":17,"7":13,"8":1,"9":1,"10":5,"11":1,"12":2,"13":4,"14":49},"b":{"0":[3,32],"1":[13,0],"2":[18,18],"3":[3,51],"4":[54,52],"5":[2,35],"6":[2,33],"7":[35,22],"8":[13,0],"9":[16,1],"10":[17,17],"11":[1,3],"12":[46],"13":[29,20],"14":[3,17]},"_coverageSchema":"1a1c01bbd47fc00a2c39e90264f33305004495a9","hash":"baf2a60d056d46c8f09553fe12666080fa660d72"}
,"D:\\wwwroot\\table\\src\\table\\hooks\\useProps.ts": {"path":"D:\\wwwroot\\table\\src\\table\\hooks\\useProps.ts","statementMap":{"0":{"start":{"line":12,"column":48},"end":{"line":27,"column":3}},"1":{"start":{"line":13,"column":4},"end":{"line":26,"column":6}},"2":{"start":{"line":14,"column":6},"end":{"line":25,"column":8}},"3":{"start":{"line":28,"column":20},"end":{"line":39,"column":3}},"4":{"start":{"line":29,"column":4},"end":{"line":38,"column":5}},"5":{"start":{"line":41,"column":15},"end":{"line":43,"column":4}},"6":{"start":{"line":42,"column":4},"end":{"line":42,"column":41}},"7":{"start":{"line":45,"column":2},"end":{"line":51,"column":4}}},"fnMap":{"0":{"name":"useProps","decl":{"start":{"line":11,"column":16},"end":{"line":11,"column":24}},"loc":{"start":{"line":11,"column":50},"end":{"line":52,"column":1}},"line":11},"1":{"name":"(anonymous_1)","decl":{"start":{"line":12,"column":57},"end":{"line":12,"column":58}},"loc":{"start":{"line":13,"column":4},"end":{"line":26,"column":6}},"line":13},"2":{"name":"(anonymous_2)","decl":{"start":{"line":13,"column":22},"end":{"line":13,"column":23}},"loc":{"start":{"line":13,"column":49},"end":{"line":26,"column":5}},"line":13},"3":{"name":"(anonymous_3)","decl":{"start":{"line":28,"column":29},"end":{"line":28,"column":30}},"loc":{"start":{"line":29,"column":4},"end":{"line":38,"column":5}},"line":29},"4":{"name":"(anonymous_4)","decl":{"start":{"line":41,"column":24},"end":{"line":41,"column":25}},"loc":{"start":{"line":41,"column":30},"end":{"line":43,"column":3}},"line":41}},"branchMap":{"0":{"loc":{"start":{"line":17,"column":14},"end":{"line":17,"column":33}},"type":"binary-expr","locations":[{"start":{"line":17,"column":14},"end":{"line":17,"column":22}},{"start":{"line":17,"column":26},"end":{"line":17,"column":33}}],"line":17},"1":{"loc":{"start":{"line":18,"column":19},"end":{"line":18,"column":43}},"type":"binary-expr","locations":[{"start":{"line":18,"column":19},"end":{"line":18,"column":32}},{"start":{"line":18,"column":36},"end":{"line":18,"column":43}}],"line":18},"2":{"loc":{"start":{"line":20,"column":23},"end":{"line":20,"column":62}},"type":"binary-expr","locations":[{"start":{"line":20,"column":23},"end":{"line":20,"column":40}},{"start":{"line":20,"column":44},"end":{"line":20,"column":62}}],"line":20},"3":{"loc":{"start":{"line":22,"column":10},"end":{"line":24,"column":33}},"type":"cond-expr","locations":[{"start":{"line":23,"column":14},"end":{"line":23,"column":30}},{"start":{"line":24,"column":14},"end":{"line":24,"column":33}}],"line":22},"4":{"loc":{"start":{"line":24,"column":14},"end":{"line":24,"column":33}},"type":"binary-expr","locations":[{"start":{"line":24,"column":14},"end":{"line":24,"column":23}},{"start":{"line":24,"column":27},"end":{"line":24,"column":33}}],"line":24},"5":{"loc":{"start":{"line":42,"column":11},"end":{"line":42,"column":40}},"type":"cond-expr","locations":[{"start":{"line":42,"column":25},"end":{"line":42,"column":27}},{"start":{"line":42,"column":30},"end":{"line":42,"column":40}}],"line":42}},"s":{"0":13,"1":14,"2":28,"3":13,"4":17,"5":13,"6":26,"7":13},"f":{"0":13,"1":14,"2":28,"3":17,"4":26},"b":{"0":[28,14],"1":[28,14],"2":[28,27],"3":[13,15],"4":[15,15],"5":[0,26]},"_coverageSchema":"1a1c01bbd47fc00a2c39e90264f33305004495a9","hash":"2706b24e15c143858510c575a59e6819eb81cd0f"}
,"D:\\wwwroot\\table\\src\\table\\hooks\\useSortable.ts": {"path":"D:\\wwwroot\\table\\src\\table\\hooks\\useSortable.ts","statementMap":{"0":{"start":{"line":6,"column":13},"end":{"line":6,"column":33}},"1":{"start":{"line":9,"column":21},"end":{"line":9,"column":55}},"2":{"start":{"line":12,"column":27},"end":{"line":14,"column":3}},"3":{"start":{"line":13,"column":4},"end":{"line":13,"column":76}},"4":{"start":{"line":13,"column":51},"end":{"line":13,"column":66}},"5":{"start":{"line":16,"column":32},"end":{"line":32,"column":3}},"6":{"start":{"line":17,"column":4},"end":{"line":19,"column":5}},"7":{"start":{"line":18,"column":6},"end":{"line":18,"column":13}},"8":{"start":{"line":20,"column":4},"end":{"line":25,"column":5}},"9":{"start":{"line":21,"column":6},"end":{"line":23,"column":8}},"10":{"start":{"line":24,"column":6},"end":{"line":24,"column":13}},"11":{"start":{"line":27,"column":4},"end":{"line":29,"column":7}},"12":{"start":{"line":31,"column":4},"end":{"line":31,"column":43}},"13":{"start":{"line":34,"column":2},"end":{"line":36,"column":5}},"14":{"start":{"line":35,"column":4},"end":{"line":35,"column":28}},"15":{"start":{"line":39,"column":22},"end":{"line":47,"column":3}},"16":{"start":{"line":40,"column":22},"end":{"line":40,"column":51}},"17":{"start":{"line":41,"column":4},"end":{"line":46,"column":5}},"18":{"start":{"line":43,"column":6},"end":{"line":43,"column":87}},"19":{"start":{"line":45,"column":6},"end":{"line":45,"column":28}},"20":{"start":{"line":49,"column":2},"end":{"line":52,"column":4}},"21":{"start":{"line":60,"column":2},"end":{"line":66,"column":3}},"22":{"start":{"line":65,"column":4},"end":{"line":65,"column":16}},"23":{"start":{"line":68,"column":29},"end":{"line":68,"column":45}},"24":{"start":{"line":69,"column":14},"end":{"line":69,"column":75}},"25":{"start":{"line":71,"column":2},"end":{"line":83,"column":4}},"26":{"start":{"line":76,"column":10},"end":{"line":81,"column":11}},"27":{"start":{"line":88,"column":16},"end":{"line":88,"column":33}},"28":{"start":{"line":89,"column":2},"end":{"line":104,"column":3}},"29":{"start":{"line":91,"column":6},"end":{"line":91,"column":34}},"30":{"start":{"line":92,"column":6},"end":{"line":92,"column":12}},"31":{"start":{"line":94,"column":6},"end":{"line":94,"column":35}},"32":{"start":{"line":95,"column":6},"end":{"line":95,"column":12}},"33":{"start":{"line":97,"column":6},"end":{"line":97,"column":35}},"34":{"start":{"line":98,"column":6},"end":{"line":98,"column":12}},"35":{"start":{"line":105,"column":2},"end":{"line":105,"column":17}}},"fnMap":{"0":{"name":"useSortable","decl":{"start":{"line":5,"column":16},"end":{"line":5,"column":27}},"loc":{"start":{"line":5,"column":62},"end":{"line":53,"column":1}},"line":5},"1":{"name":"(anonymous_1)","decl":{"start":{"line":12,"column":27},"end":{"line":12,"column":28}},"loc":{"start":{"line":12,"column":44},"end":{"line":14,"column":3}},"line":12},"2":{"name":"(anonymous_2)","decl":{"start":{"line":13,"column":42},"end":{"line":13,"column":43}},"loc":{"start":{"line":13,"column":51},"end":{"line":13,"column":66}},"line":13},"3":{"name":"(anonymous_3)","decl":{"start":{"line":16,"column":32},"end":{"line":16,"column":33}},"loc":{"start":{"line":16,"column":38},"end":{"line":32,"column":3}},"line":16},"4":{"name":"(anonymous_4)","decl":{"start":{"line":34,"column":20},"end":{"line":34,"column":21}},"loc":{"start":{"line":34,"column":26},"end":{"line":36,"column":3}},"line":34},"5":{"name":"(anonymous_5)","decl":{"start":{"line":39,"column":22},"end":{"line":39,"column":23}},"loc":{"start":{"line":39,"column":39},"end":{"line":47,"column":3}},"line":39},"6":{"name":"sortData","decl":{"start":{"line":56,"column":16},"end":{"line":56,"column":24}},"loc":{"start":{"line":59,"column":2},"end":{"line":84,"column":1}},"line":59},"7":{"name":"(anonymous_7)","decl":{"start":{"line":75,"column":8},"end":{"line":75,"column":9}},"loc":{"start":{"line":76,"column":10},"end":{"line":81,"column":11}},"line":76},"8":{"name":"getNextSortStatus","decl":{"start":{"line":87,"column":9},"end":{"line":87,"column":26}},"loc":{"start":{"line":87,"column":47},"end":{"line":106,"column":1}},"line":87}},"branchMap":{"0":{"loc":{"start":{"line":13,"column":23},"end":{"line":13,"column":75}},"type":"binary-expr","locations":[{"start":{"line":13,"column":23},"end":{"line":13,"column":67}},{"start":{"line":13,"column":71},"end":{"line":13,"column":75}}],"line":13},"1":{"loc":{"start":{"line":17,"column":4},"end":{"line":19,"column":5}},"type":"if","locations":[{"start":{"line":17,"column":4},"end":{"line":19,"column":5}},{"start":{"line":17,"column":4},"end":{"line":19,"column":5}}],"line":17},"2":{"loc":{"start":{"line":20,"column":4},"end":{"line":25,"column":5}},"type":"if","locations":[{"start":{"line":20,"column":4},"end":{"line":25,"column":5}},{"start":{"line":20,"column":4},"end":{"line":25,"column":5}}],"line":20},"3":{"loc":{"start":{"line":41,"column":4},"end":{"line":46,"column":5}},"type":"if","locations":[{"start":{"line":41,"column":4},"end":{"line":46,"column":5}},{"start":{"line":41,"column":4},"end":{"line":46,"column":5}}],"line":41},"4":{"loc":{"start":{"line":43,"column":25},"end":{"line":43,"column":86}},"type":"cond-expr","locations":[{"start":{"line":43,"column":44},"end":{"line":43,"column":67}},{"start":{"line":43,"column":70},"end":{"line":43,"column":86}}],"line":43},"5":{"loc":{"start":{"line":60,"column":2},"end":{"line":66,"column":3}},"type":"if","locations":[{"start":{"line":60,"column":2},"end":{"line":66,"column":3}},{"start":{"line":60,"column":2},"end":{"line":66,"column":3}}],"line":60},"6":{"loc":{"start":{"line":61,"column":4},"end":{"line":63,"column":30}},"type":"binary-expr","locations":[{"start":{"line":61,"column":4},"end":{"line":61,"column":27}},{"start":{"line":62,"column":4},"end":{"line":62,"column":57}},{"start":{"line":63,"column":4},"end":{"line":63,"column":30}}],"line":61},"7":{"loc":{"start":{"line":69,"column":14},"end":{"line":69,"column":75}},"type":"cond-expr","locations":[{"start":{"line":69,"column":69},"end":{"line":69,"column":70}},{"start":{"line":69,"column":73},"end":{"line":69,"column":75}}],"line":69},"8":{"loc":{"start":{"line":89,"column":2},"end":{"line":104,"column":3}},"type":"switch","locations":[{"start":{"line":90,"column":4},"end":{"line":92,"column":12}},{"start":{"line":93,"column":4},"end":{"line":95,"column":12}},{"start":{"line":96,"column":4},"end":{"line":98,"column":12}}],"line":89}},"s":{"0":13,"1":13,"2":13,"3":4,"4":6,"5":13,"6":8,"7":0,"8":8,"9":1,"10":1,"11":7,"12":7,"13":13,"14":8,"15":13,"16":9,"17":9,"18":5,"19":4,"20":13,"21":32,"22":27,"23":5,"24":5,"25":5,"26":5,"27":7,"28":7,"29":3,"30":3,"31":2,"32":2,"33":2,"34":2,"35":7},"f":{"0":13,"1":4,"2":6,"3":8,"4":8,"5":9,"6":32,"7":5,"8":7},"b":{"0":[4,1],"1":[0,8],"2":[1,7],"3":[5,4],"4":[5,0],"5":[27,5],"6":[32,5,5],"7":[3,2],"8":[3,2,2]},"_coverageSchema":"1a1c01bbd47fc00a2c39e90264f33305004495a9","hash":"55f0f3cb2e990152c1aa6900a1761364deb77965"}
}
