{"/mnt/d/wwwroot/table/src/table/Table.tsx": {"path":"/mnt/d/wwwroot/table/src/table/Table.tsx","statementMap":{"0":{"start":{"line":24,"column":38},"end":{"line":24,"column":53}},"1":{"start":{"line":26,"column":40},"end":{"line":26,"column":57}},"2":{"start":{"line":28,"column":29},"end":{"line":32,"column":6}},"3":{"start":{"line":35,"column":21},"end":{"line":35,"column":45}},"4":{"start":{"line":36,"column":4},"end":{"line":38,"column":7}},"5":{"start":{"line":37,"column":6},"end":{"line":37,"column":50}},"6":{"start":{"line":41,"column":18},"end":{"line":41,"column":61}},"7":{"start":{"line":41,"column":33},"end":{"line":41,"column":60}},"8":{"start":{"line":44,"column":17},"end":{"line":44,"column":38}},"9":{"start":{"line":47,"column":4},"end":{"line":49,"column":7}},"10":{"start":{"line":51,"column":4},"end":{"line":68,"column":6}},"11":{"start":{"line":73,"column":19},"end":{"line":73,"column":141}},"12":{"start":{"line":76,"column":17},"end":{"line":80,"column":82}},"13":{"start":{"line":83,"column":18},"end":{"line":83,"column":131}},"14":{"start":{"line":85,"column":4},"end":{"line":92,"column":6}}},"fnMap":{"0":{"name":"(anonymous_0)","decl":{"start":{"line":22,"column":2},"end":{"line":22,"column":3}},"loc":{"start":{"line":22,"column":26},"end":{"line":69,"column":3}},"line":22},"1":{"name":"(anonymous_1)","decl":{"start":{"line":36,"column":16},"end":{"line":36,"column":17}},"loc":{"start":{"line":36,"column":22},"end":{"line":38,"column":5}},"line":36},"2":{"name":"(anonymous_2)","decl":{"start":{"line":41,"column":27},"end":{"line":41,"column":28}},"loc":{"start":{"line":41,"column":33},"end":{"line":41,"column":60}},"line":41},"3":{"name":"(anonymous_3)","decl":{"start":{"line":71,"column":2},"end":{"line":71,"column":3}},"loc":{"start":{"line":71,"column":11},"end":{"line":93,"column":3}},"line":71}},"branchMap":{"0":{"loc":{"start":{"line":76,"column":17},"end":{"line":80,"column":82}},"type":"cond-expr","locations":[{"start":{"line":77,"column":8},"end":{"line":77,"column":63}},{"start":{"line":78,"column":8},"end":{"line":80,"column":82}}],"line":76},"1":{"loc":{"start":{"line":78,"column":8},"end":{"line":80,"column":82}},"type":"cond-expr","locations":[{"start":{"line":79,"column":10},"end":{"line":79,"column":32}},{"start":{"line":80,"column":10},"end":{"line":80,"column":82}}],"line":78},"2":{"loc":{"start":{"line":83,"column":18},"end":{"line":83,"column":131}},"type":"cond-expr","locations":[{"start":{"line":83,"column":47},"end":{"line":83,"column":126}},{"start":{"line":83,"column":129},"end":{"line":83,"column":131}}],"line":83}},"s":{"0":15,"1":15,"2":15,"3":15,"4":15,"5":44,"6":15,"7":5,"8":15,"9":15,"10":15,"11":46,"12":46,"13":46,"14":46},"f":{"0":15,"1":44,"2":5,"3":46},"b":{"0":[23,23],"1":[1,22],"2":[9,37]},"_coverageSchema":"1a1c01bbd47fc00a2c39e90264f33305004495a9","hash":"22c2cf44004d09c8e4ccd258b3ed3ab58c3578e2"}
,"/mnt/d/wwwroot/table/src/table/index.ts": {"path":"/mnt/d/wwwroot/table/src/table/index.ts","statementMap":{},"fnMap":{},"branchMap":{},"s":{},"f":{},"b":{},"_coverageSchema":"1a1c01bbd47fc00a2c39e90264f33305004495a9","hash":"4630aaa5cd049080368b5479a1768aaca199f7a4"}
,"/mnt/d/wwwroot/table/src/table/types.ts": {"path":"/mnt/d/wwwroot/table/src/table/types.ts","statementMap":{"0":{"start":{"line":42,"column":2},"end":{"line":49,"column":30}},"1":{"start":{"line":44,"column":6},"end":{"line":44,"column":45}},"2":{"start":{"line":47,"column":4},"end":{"line":47,"column":25}},"3":{"start":{"line":48,"column":4},"end":{"line":48,"column":15}},"4":{"start":{"line":53,"column":26},"end":{"line":73,"column":1}},"5":{"start":{"line":62,"column":19},"end":{"line":62,"column":21}},"6":{"start":{"line":76,"column":26},"end":{"line":97,"column":1}}},"fnMap":{"0":{"name":"pick","decl":{"start":{"line":38,"column":16},"end":{"line":38,"column":20}},"loc":{"start":{"line":41,"column":21},"end":{"line":50,"column":1}},"line":41},"1":{"name":"(anonymous_1)","decl":{"start":{"line":43,"column":50},"end":{"line":43,"column":51}},"loc":{"start":{"line":44,"column":6},"end":{"line":44,"column":45}},"line":44},"2":{"name":"(anonymous_2)","decl":{"start":{"line":46,"column":11},"end":{"line":46,"column":12}},"loc":{"start":{"line":46,"column":25},"end":{"line":49,"column":3}},"line":46},"3":{"name":"(anonymous_3)","decl":{"start":{"line":62,"column":13},"end":{"line":62,"column":14}},"loc":{"start":{"line":62,"column":19},"end":{"line":62,"column":21}},"line":62}},"branchMap":{},"s":{"0":1,"1":4,"2":1,"3":1,"4":1,"5":15,"6":1},"f":{"0":1,"1":4,"2":1,"3":15},"b":{},"_coverageSchema":"1a1c01bbd47fc00a2c39e90264f33305004495a9","hash":"3ee8e2bf557b5df9b8ff803fd09bb1148b61f998"}
,"/mnt/d/wwwroot/table/src/table/common/const.ts": {"path":"/mnt/d/wwwroot/table/src/table/common/const.ts","statementMap":{"0":{"start":{"line":4,"column":59},"end":{"line":4,"column":75}}},"fnMap":{},"branchMap":{},"s":{"0":1},"f":{},"b":{},"_coverageSchema":"1a1c01bbd47fc00a2c39e90264f33305004495a9","hash":"70b0d3bd69064869b0e79de1020b5b87aaf8b7aa"}
,"/mnt/d/wwwroot/table/src/table/common/table.less": {"path":"/mnt/d/wwwroot/table/src/table/common/table.less","statementMap":{"0":{"start":{"line":1,"column":0},"end":{"line":1,"column":19}}},"fnMap":{},"branchMap":{},"s":{"0":1},"f":{},"b":{},"_coverageSchema":"1a1c01bbd47fc00a2c39e90264f33305004495a9","hash":"e851c6f0221a45a7e5b10ef90191db2164d4352d"}
,"/mnt/d/wwwroot/table/src/table/components/Body.tsx": {"path":"/mnt/d/wwwroot/table/src/table/components/Body.tsx","statementMap":{"0":{"start":{"line":8,"column":14},"end":{"line":8,"column":36}},"1":{"start":{"line":10,"column":17},"end":{"line":13,"column":3}},"2":{"start":{"line":17,"column":4},"end":{"line":19,"column":11}},"3":{"start":{"line":20,"column":2},"end":{"line":20,"column":60}},"4":{"start":{"line":23,"column":26},"end":{"line":50,"column":2}},"5":{"start":{"line":33,"column":27},"end":{"line":33,"column":47}},"6":{"start":{"line":35,"column":4},"end":{"line":37,"column":6}},"7":{"start":{"line":40,"column":4},"end":{"line":48,"column":6}},"8":{"start":{"line":43,"column":10},"end":{"line":45,"column":15}},"9":{"start":{"line":44,"column":42},"end":{"line":44,"column":78}}},"fnMap":{"0":{"name":"getRowHTML","decl":{"start":{"line":6,"column":9},"end":{"line":6,"column":19}},"loc":{"start":{"line":6,"column":87},"end":{"line":21,"column":1}},"line":6},"1":{"name":"(anonymous_1)","decl":{"start":{"line":32,"column":2},"end":{"line":32,"column":3}},"loc":{"start":{"line":32,"column":10},"end":{"line":38,"column":3}},"line":32},"2":{"name":"(anonymous_2)","decl":{"start":{"line":39,"column":2},"end":{"line":39,"column":3}},"loc":{"start":{"line":39,"column":11},"end":{"line":49,"column":3}},"line":39},"3":{"name":"(anonymous_3)","decl":{"start":{"line":42,"column":23},"end":{"line":42,"column":24}},"loc":{"start":{"line":43,"column":10},"end":{"line":45,"column":15}},"line":43},"4":{"name":"(anonymous_4)","decl":{"start":{"line":44,"column":30},"end":{"line":44,"column":31}},"loc":{"start":{"line":44,"column":42},"end":{"line":44,"column":78}},"line":44}},"branchMap":{"0":{"loc":{"start":{"line":8,"column":14},"end":{"line":8,"column":36}},"type":"binary-expr","locations":[{"start":{"line":8,"column":14},"end":{"line":8,"column":30}},{"start":{"line":8,"column":34},"end":{"line":8,"column":36}}],"line":8},"1":{"loc":{"start":{"line":17,"column":4},"end":{"line":19,"column":11}},"type":"cond-expr","locations":[{"start":{"line":18,"column":8},"end":{"line":18,"column":35}},{"start":{"line":19,"column":8},"end":{"line":19,"column":11}}],"line":17},"2":{"loc":{"start":{"line":33,"column":12},"end":{"line":33,"column":22}},"type":"default-arg","locations":[{"start":{"line":33,"column":20},"end":{"line":33,"column":22}}],"line":33}},"s":{"0":1190,"1":1190,"2":1190,"3":1190,"4":1,"5":12,"6":12,"7":23,"8":595,"9":1190},"f":{"0":1190,"1":12,"2":23,"3":595,"4":1190},"b":{"0":[1190,2],"1":[4,1186],"2":[0]},"_coverageSchema":"1a1c01bbd47fc00a2c39e90264f33305004495a9","hash":"25633006d8a297648d8469499656651d67af2a74"}
,"/mnt/d/wwwroot/table/src/table/components/Header.tsx": {"path":"/mnt/d/wwwroot/table/src/table/components/Header.tsx","statementMap":{"0":{"start":{"line":6,"column":21},"end":{"line":6,"column":39}},"1":{"start":{"line":10,"column":36},"end":{"line":10,"column":42}},"2":{"start":{"line":11,"column":17},"end":{"line":13,"column":9}},"3":{"start":{"line":15,"column":2},"end":{"line":15,"column":66}},"4":{"start":{"line":21,"column":2},"end":{"line":23,"column":3}},"5":{"start":{"line":22,"column":4},"end":{"line":22,"column":14}},"6":{"start":{"line":26,"column":22},"end":{"line":26,"column":69}},"7":{"start":{"line":28,"column":18},"end":{"line":32,"column":8}},"8":{"start":{"line":34,"column":2},"end":{"line":34,"column":90}},"9":{"start":{"line":37,"column":28},"end":{"line":69,"column":2}},"10":{"start":{"line":53,"column":22},"end":{"line":53,"column":42}},"11":{"start":{"line":55,"column":4},"end":{"line":64,"column":6}},"12":{"start":{"line":58,"column":23},"end":{"line":58,"column":46}},"13":{"start":{"line":59,"column":21},"end":{"line":59,"column":58}},"14":{"start":{"line":60,"column":22},"end":{"line":60,"column":46}},"15":{"start":{"line":61,"column":23},"end":{"line":61,"column":77}},"16":{"start":{"line":61,"column":29},"end":{"line":61,"column":77}},"17":{"start":{"line":62,"column":8},"end":{"line":62,"column":99}},"18":{"start":{"line":67,"column":4},"end":{"line":67,"column":85}}},"fnMap":{"0":{"name":"getTitle","decl":{"start":{"line":9,"column":9},"end":{"line":9,"column":17}},"loc":{"start":{"line":9,"column":58},"end":{"line":16,"column":1}},"line":9},"1":{"name":"getSort","decl":{"start":{"line":19,"column":9},"end":{"line":19,"column":16}},"loc":{"start":{"line":19,"column":68},"end":{"line":35,"column":1}},"line":19},"2":{"name":"(anonymous_2)","decl":{"start":{"line":52,"column":2},"end":{"line":52,"column":3}},"loc":{"start":{"line":52,"column":15},"end":{"line":65,"column":3}},"line":52},"3":{"name":"(anonymous_3)","decl":{"start":{"line":57,"column":24},"end":{"line":57,"column":25}},"loc":{"start":{"line":57,"column":54},"end":{"line":63,"column":7}},"line":57},"4":{"name":"(anonymous_4)","decl":{"start":{"line":61,"column":23},"end":{"line":61,"column":24}},"loc":{"start":{"line":61,"column":29},"end":{"line":61,"column":77}},"line":61},"5":{"name":"(anonymous_5)","decl":{"start":{"line":66,"column":2},"end":{"line":66,"column":3}},"loc":{"start":{"line":66,"column":11},"end":{"line":68,"column":3}},"line":66}},"branchMap":{"0":{"loc":{"start":{"line":11,"column":17},"end":{"line":13,"column":9}},"type":"cond-expr","locations":[{"start":{"line":12,"column":6},"end":{"line":12,"column":25}},{"start":{"line":13,"column":6},"end":{"line":13,"column":9}}],"line":11},"1":{"loc":{"start":{"line":21,"column":2},"end":{"line":23,"column":3}},"type":"if","locations":[{"start":{"line":21,"column":2},"end":{"line":23,"column":3}},{"start":{"line":21,"column":2},"end":{"line":23,"column":3}}],"line":21},"2":{"loc":{"start":{"line":28,"column":18},"end":{"line":32,"column":8}},"type":"cond-expr","locations":[{"start":{"line":29,"column":6},"end":{"line":31,"column":30}},{"start":{"line":32,"column":6},"end":{"line":32,"column":8}}],"line":28},"3":{"loc":{"start":{"line":29,"column":6},"end":{"line":31,"column":30}},"type":"cond-expr","locations":[{"start":{"line":30,"column":8},"end":{"line":30,"column":29}},{"start":{"line":31,"column":8},"end":{"line":31,"column":30}}],"line":29},"4":{"loc":{"start":{"line":34,"column":9},"end":{"line":34,"column":89}},"type":"cond-expr","locations":[{"start":{"line":34,"column":23},"end":{"line":34,"column":84}},{"start":{"line":34,"column":87},"end":{"line":34,"column":89}}],"line":34},"5":{"loc":{"start":{"line":61,"column":29},"end":{"line":61,"column":77}},"type":"binary-expr","locations":[{"start":{"line":61,"column":29},"end":{"line":61,"column":44}},{"start":{"line":61,"column":48},"end":{"line":61,"column":77}}],"line":61}},"s":{"0":1,"1":48,"2":48,"3":48,"4":48,"5":40,"6":8,"7":8,"8":8,"9":1,"10":15,"11":15,"12":48,"13":48,"14":48,"15":48,"16":8,"17":48,"18":24},"f":{"0":48,"1":48,"2":15,"3":48,"4":8,"5":24},"b":{"0":[1,47],"1":[40,8],"2":[5,3],"3":[3,2],"4":[5,3],"5":[8,7]},"_coverageSchema":"1a1c01bbd47fc00a2c39e90264f33305004495a9","hash":"4a4855440a6f7de24d3bcc8b9993e18b592e8dba"}
,"/mnt/d/wwwroot/table/src/table/components/Pager.tsx": {"path":"/mnt/d/wwwroot/table/src/table/components/Pager.tsx","statementMap":{"0":{"start":{"line":7,"column":2},"end":{"line":19,"column":5}},"1":{"start":{"line":8,"column":22},"end":{"line":8,"column":38}},"2":{"start":{"line":9,"column":16},"end":{"line":9,"column":86}},"3":{"start":{"line":10,"column":4},"end":{"line":18,"column":6}},"4":{"start":{"line":15,"column":58},"end":{"line":15,"column":70}},"5":{"start":{"line":22,"column":22},"end":{"line":104,"column":2}},"6":{"start":{"line":29,"column":48},"end":{"line":29,"column":61}},"7":{"start":{"line":32,"column":22},"end":{"line":32,"column":74}},"8":{"start":{"line":32,"column":37},"end":{"line":32,"column":73}},"9":{"start":{"line":35,"column":20},"end":{"line":35,"column":103}},"10":{"start":{"line":38,"column":20},"end":{"line":38,"column":107}},"11":{"start":{"line":38,"column":35},"end":{"line":38,"column":106}},"12":{"start":{"line":41,"column":22},"end":{"line":50,"column":6}},"13":{"start":{"line":41,"column":37},"end":{"line":50,"column":5}},"14":{"start":{"line":53,"column":21},"end":{"line":53,"column":136}},"15":{"start":{"line":53,"column":36},"end":{"line":53,"column":135}},"16":{"start":{"line":53,"column":113},"end":{"line":53,"column":134}},"17":{"start":{"line":56,"column":23},"end":{"line":59,"column":5}},"18":{"start":{"line":57,"column":6},"end":{"line":57,"column":27}},"19":{"start":{"line":58,"column":6},"end":{"line":58,"column":25}},"20":{"start":{"line":61,"column":4},"end":{"line":79,"column":6}},"21":{"start":{"line":72,"column":8},"end":{"line":72,"column":30}},"22":{"start":{"line":73,"column":8},"end":{"line":73,"column":22}},"23":{"start":{"line":76,"column":8},"end":{"line":76,"column":29}},"24":{"start":{"line":77,"column":8},"end":{"line":77,"column":36}},"25":{"start":{"line":82,"column":20},"end":{"line":82,"column":42}},"26":{"start":{"line":84,"column":4},"end":{"line":102,"column":6}}},"fnMap":{"0":{"name":"renderPage","decl":{"start":{"line":5,"column":9},"end":{"line":5,"column":19}},"loc":{"start":{"line":5,"column":89},"end":{"line":20,"column":1}},"line":5},"1":{"name":"(anonymous_1)","decl":{"start":{"line":7,"column":22},"end":{"line":7,"column":23}},"loc":{"start":{"line":7,"column":30},"end":{"line":19,"column":3}},"line":7},"2":{"name":"(anonymous_2)","decl":{"start":{"line":15,"column":52},"end":{"line":15,"column":53}},"loc":{"start":{"line":15,"column":58},"end":{"line":15,"column":70}},"line":15},"3":{"name":"(anonymous_3)","decl":{"start":{"line":28,"column":2},"end":{"line":28,"column":3}},"loc":{"start":{"line":28,"column":25},"end":{"line":80,"column":3}},"line":28},"4":{"name":"(anonymous_4)","decl":{"start":{"line":32,"column":31},"end":{"line":32,"column":32}},"loc":{"start":{"line":32,"column":37},"end":{"line":32,"column":73}},"line":32},"5":{"name":"(anonymous_5)","decl":{"start":{"line":38,"column":29},"end":{"line":38,"column":30}},"loc":{"start":{"line":38,"column":35},"end":{"line":38,"column":106}},"line":38},"6":{"name":"(anonymous_6)","decl":{"start":{"line":41,"column":31},"end":{"line":41,"column":32}},"loc":{"start":{"line":41,"column":37},"end":{"line":50,"column":5}},"line":41},"7":{"name":"(anonymous_7)","decl":{"start":{"line":53,"column":30},"end":{"line":53,"column":31}},"loc":{"start":{"line":53,"column":36},"end":{"line":53,"column":135}},"line":53},"8":{"name":"(anonymous_8)","decl":{"start":{"line":53,"column":101},"end":{"line":53,"column":102}},"loc":{"start":{"line":53,"column":113},"end":{"line":53,"column":134}},"line":53},"9":{"name":"(anonymous_9)","decl":{"start":{"line":56,"column":23},"end":{"line":56,"column":24}},"loc":{"start":{"line":56,"column":41},"end":{"line":59,"column":5}},"line":56},"10":{"name":"(anonymous_10)","decl":{"start":{"line":71,"column":19},"end":{"line":71,"column":20}},"loc":{"start":{"line":71,"column":25},"end":{"line":74,"column":7}},"line":71},"11":{"name":"(anonymous_11)","decl":{"start":{"line":75,"column":18},"end":{"line":75,"column":19}},"loc":{"start":{"line":75,"column":24},"end":{"line":78,"column":7}},"line":75},"12":{"name":"(anonymous_12)","decl":{"start":{"line":81,"column":2},"end":{"line":81,"column":3}},"loc":{"start":{"line":81,"column":11},"end":{"line":103,"column":3}},"line":81}},"branchMap":{"0":{"loc":{"start":{"line":9,"column":34},"end":{"line":9,"column":75}},"type":"cond-expr","locations":[{"start":{"line":9,"column":46},"end":{"line":9,"column":70}},{"start":{"line":9,"column":73},"end":{"line":9,"column":75}}],"line":9},"1":{"loc":{"start":{"line":13,"column":10},"end":{"line":15,"column":82}},"type":"cond-expr","locations":[{"start":{"line":14,"column":14},"end":{"line":14,"column":59}},{"start":{"line":15,"column":14},"end":{"line":15,"column":82}}],"line":13},"2":{"loc":{"start":{"line":35,"column":24},"end":{"line":35,"column":102}},"type":"cond-expr","locations":[{"start":{"line":35,"column":76},"end":{"line":35,"column":98}},{"start":{"line":35,"column":101},"end":{"line":35,"column":102}}],"line":35},"3":{"loc":{"start":{"line":35,"column":25},"end":{"line":35,"column":72}},"type":"binary-expr","locations":[{"start":{"line":35,"column":25},"end":{"line":35,"column":39}},{"start":{"line":35,"column":43},"end":{"line":35,"column":72}}],"line":35},"4":{"loc":{"start":{"line":38,"column":35},"end":{"line":38,"column":106}},"type":"cond-expr","locations":[{"start":{"line":38,"column":65},"end":{"line":38,"column":82}},{"start":{"line":38,"column":85},"end":{"line":38,"column":106}}],"line":38},"5":{"loc":{"start":{"line":87,"column":10},"end":{"line":91,"column":16}},"type":"cond-expr","locations":[{"start":{"line":88,"column":14},"end":{"line":90,"column":17}},{"start":{"line":91,"column":14},"end":{"line":91,"column":16}}],"line":87},"6":{"loc":{"start":{"line":87,"column":10},"end":{"line":87,"column":39}},"type":"binary-expr","locations":[{"start":{"line":87,"column":10},"end":{"line":87,"column":17}},{"start":{"line":87,"column":21},"end":{"line":87,"column":39}}],"line":87},"7":{"loc":{"start":{"line":95,"column":10},"end":{"line":99,"column":16}},"type":"cond-expr","locations":[{"start":{"line":96,"column":14},"end":{"line":98,"column":17}},{"start":{"line":99,"column":14},"end":{"line":99,"column":16}}],"line":95},"8":{"loc":{"start":{"line":95,"column":10},"end":{"line":95,"column":50}},"type":"binary-expr","locations":[{"start":{"line":95,"column":10},"end":{"line":95,"column":17}},{"start":{"line":95,"column":21},"end":{"line":95,"column":50}}],"line":95}},"s":{"0":8,"1":27,"2":27,"3":27,"4":1,"5":1,"6":4,"7":4,"8":5,"9":4,"10":4,"11":4,"12":4,"13":6,"14":4,"15":8,"16":27,"17":4,"18":3,"19":3,"20":4,"21":1,"22":1,"23":1,"24":1,"25":8,"26":8},"f":{"0":8,"1":27,"2":1,"3":4,"4":5,"5":4,"6":6,"7":8,"8":27,"9":3,"10":1,"11":1,"12":8},"b":{"0":[6,21],"1":[6,21],"2":[2,2],"3":[4,3],"4":[3,1],"5":[2,6],"6":[8,6],"7":[5,3],"8":[8,6]},"_coverageSchema":"1a1c01bbd47fc00a2c39e90264f33305004495a9","hash":"41c22894536273e8fbaec9bf030a677d7f21a20c"}
,"/mnt/d/wwwroot/table/src/table/composables/useDataStore.ts": {"path":"/mnt/d/wwwroot/table/src/table/composables/useDataStore.ts","statementMap":{"0":{"start":{"line":32,"column":18},"end":{"line":32,"column":50}},"1":{"start":{"line":35,"column":22},"end":{"line":39,"column":3}},"2":{"start":{"line":36,"column":4},"end":{"line":38,"column":45}},"3":{"start":{"line":42,"column":19},"end":{"line":42,"column":54}},"4":{"start":{"line":45,"column":21},"end":{"line":47,"column":3}},"5":{"start":{"line":46,"column":10},"end":{"line":46,"column":60}},"6":{"start":{"line":50,"column":20},"end":{"line":52,"column":3}},"7":{"start":{"line":51,"column":4},"end":{"line":51,"column":50}},"8":{"start":{"line":55,"column":22},"end":{"line":64,"column":3}},"9":{"start":{"line":56,"column":4},"end":{"line":62,"column":5}},"10":{"start":{"line":57,"column":6},"end":{"line":60,"column":8}},"11":{"start":{"line":61,"column":6},"end":{"line":61,"column":19}},"12":{"start":{"line":63,"column":4},"end":{"line":63,"column":16}},"13":{"start":{"line":67,"column":20},"end":{"line":81,"column":3}},"14":{"start":{"line":68,"column":4},"end":{"line":70,"column":5}},"15":{"start":{"line":69,"column":6},"end":{"line":69,"column":19}},"16":{"start":{"line":72,"column":4},"end":{"line":78,"column":5}},"17":{"start":{"line":73,"column":6},"end":{"line":76,"column":8}},"18":{"start":{"line":77,"column":6},"end":{"line":77,"column":19}},"19":{"start":{"line":80,"column":4},"end":{"line":80,"column":16}},"20":{"start":{"line":84,"column":18},"end":{"line":86,"column":3}},"21":{"start":{"line":89,"column":13},"end":{"line":89,"column":33}},"22":{"start":{"line":92,"column":2},"end":{"line":96,"column":5}},"23":{"start":{"line":93,"column":4},"end":{"line":95,"column":5}},"24":{"start":{"line":94,"column":6},"end":{"line":94,"column":50}},"25":{"start":{"line":99,"column":2},"end":{"line":101,"column":5}},"26":{"start":{"line":100,"column":4},"end":{"line":100,"column":33}},"27":{"start":{"line":103,"column":2},"end":{"line":154,"column":4}},"28":{"start":{"line":106,"column":6},"end":{"line":106,"column":29}},"29":{"start":{"line":111,"column":6},"end":{"line":111,"column":30}},"30":{"start":{"line":116,"column":6},"end":{"line":116,"column":30}},"31":{"start":{"line":121,"column":6},"end":{"line":121,"column":29}},"32":{"start":{"line":126,"column":6},"end":{"line":126,"column":31}},"33":{"start":{"line":131,"column":6},"end":{"line":133,"column":7}},"34":{"start":{"line":132,"column":8},"end":{"line":132,"column":15}},"35":{"start":{"line":134,"column":22},"end":{"line":134,"column":37}},"36":{"start":{"line":135,"column":6},"end":{"line":135,"column":29}},"37":{"start":{"line":136,"column":6},"end":{"line":136,"column":38}},"38":{"start":{"line":141,"column":6},"end":{"line":143,"column":7}},"39":{"start":{"line":142,"column":8},"end":{"line":142,"column":33}},"40":{"start":{"line":145,"column":6},"end":{"line":147,"column":7}},"41":{"start":{"line":146,"column":8},"end":{"line":146,"column":18}},"42":{"start":{"line":149,"column":20},"end":{"line":149,"column":49}},"43":{"start":{"line":150,"column":18},"end":{"line":150,"column":42}},"44":{"start":{"line":152,"column":6},"end":{"line":152,"column":49}}},"fnMap":{"0":{"name":"useDataStore","decl":{"start":{"line":26,"column":16},"end":{"line":26,"column":28}},"loc":{"start":{"line":30,"column":21},"end":{"line":155,"column":1}},"line":30},"1":{"name":"(anonymous_1)","decl":{"start":{"line":35,"column":31},"end":{"line":35,"column":32}},"loc":{"start":{"line":36,"column":4},"end":{"line":38,"column":45}},"line":36},"2":{"name":"(anonymous_2)","decl":{"start":{"line":46,"column":4},"end":{"line":46,"column":5}},"loc":{"start":{"line":46,"column":10},"end":{"line":46,"column":60}},"line":46},"3":{"name":"(anonymous_3)","decl":{"start":{"line":50,"column":29},"end":{"line":50,"column":30}},"loc":{"start":{"line":51,"column":4},"end":{"line":51,"column":50}},"line":51},"4":{"name":"(anonymous_4)","decl":{"start":{"line":55,"column":22},"end":{"line":55,"column":23}},"loc":{"start":{"line":55,"column":54},"end":{"line":64,"column":3}},"line":55},"5":{"name":"(anonymous_5)","decl":{"start":{"line":67,"column":20},"end":{"line":67,"column":21}},"loc":{"start":{"line":67,"column":54},"end":{"line":81,"column":3}},"line":67},"6":{"name":"(anonymous_6)","decl":{"start":{"line":92,"column":14},"end":{"line":92,"column":15}},"loc":{"start":{"line":92,"column":20},"end":{"line":96,"column":3}},"line":92},"7":{"name":"(anonymous_7)","decl":{"start":{"line":99,"column":14},"end":{"line":99,"column":15}},"loc":{"start":{"line":99,"column":20},"end":{"line":101,"column":3}},"line":99},"8":{"name":"(anonymous_8)","decl":{"start":{"line":105,"column":13},"end":{"line":105,"column":14}},"loc":{"start":{"line":105,"column":40},"end":{"line":107,"column":5}},"line":105},"9":{"name":"(anonymous_9)","decl":{"start":{"line":110,"column":14},"end":{"line":110,"column":15}},"loc":{"start":{"line":110,"column":20},"end":{"line":112,"column":5}},"line":110},"10":{"name":"(anonymous_10)","decl":{"start":{"line":115,"column":14},"end":{"line":115,"column":15}},"loc":{"start":{"line":115,"column":20},"end":{"line":117,"column":5}},"line":115},"11":{"name":"(anonymous_11)","decl":{"start":{"line":120,"column":20},"end":{"line":120,"column":21}},"loc":{"start":{"line":120,"column":26},"end":{"line":122,"column":5}},"line":120},"12":{"name":"(anonymous_12)","decl":{"start":{"line":125,"column":16},"end":{"line":125,"column":17}},"loc":{"start":{"line":125,"column":22},"end":{"line":127,"column":5}},"line":125},"13":{"name":"(anonymous_13)","decl":{"start":{"line":130,"column":10},"end":{"line":130,"column":11}},"loc":{"start":{"line":130,"column":28},"end":{"line":137,"column":5}},"line":130},"14":{"name":"(anonymous_14)","decl":{"start":{"line":140,"column":13},"end":{"line":140,"column":14}},"loc":{"start":{"line":140,"column":41},"end":{"line":153,"column":5}},"line":140}},"branchMap":{"0":{"loc":{"start":{"line":36,"column":4},"end":{"line":38,"column":45}},"type":"cond-expr","locations":[{"start":{"line":37,"column":8},"end":{"line":37,"column":23}},{"start":{"line":38,"column":8},"end":{"line":38,"column":45}}],"line":36},"1":{"loc":{"start":{"line":42,"column":23},"end":{"line":42,"column":53}},"type":"binary-expr","locations":[{"start":{"line":42,"column":23},"end":{"line":42,"column":47}},{"start":{"line":42,"column":51},"end":{"line":42,"column":53}}],"line":42},"2":{"loc":{"start":{"line":46,"column":10},"end":{"line":46,"column":60}},"type":"binary-expr","locations":[{"start":{"line":46,"column":10},"end":{"line":46,"column":34}},{"start":{"line":46,"column":38},"end":{"line":46,"column":60}}],"line":46},"3":{"loc":{"start":{"line":56,"column":4},"end":{"line":62,"column":5}},"type":"if","locations":[{"start":{"line":56,"column":4},"end":{"line":62,"column":5}},{"start":{"line":56,"column":4},"end":{"line":62,"column":5}}],"line":56},"4":{"loc":{"start":{"line":56,"column":8},"end":{"line":56,"column":45}},"type":"binary-expr","locations":[{"start":{"line":56,"column":8},"end":{"line":56,"column":16}},{"start":{"line":56,"column":20},"end":{"line":56,"column":45}}],"line":56},"5":{"loc":{"start":{"line":68,"column":4},"end":{"line":70,"column":5}},"type":"if","locations":[{"start":{"line":68,"column":4},"end":{"line":70,"column":5}},{"start":{"line":68,"column":4},"end":{"line":70,"column":5}}],"line":68},"6":{"loc":{"start":{"line":72,"column":4},"end":{"line":78,"column":5}},"type":"if","locations":[{"start":{"line":72,"column":4},"end":{"line":78,"column":5}},{"start":{"line":72,"column":4},"end":{"line":78,"column":5}}],"line":72},"7":{"loc":{"start":{"line":72,"column":8},"end":{"line":72,"column":49}},"type":"binary-expr","locations":[{"start":{"line":72,"column":8},"end":{"line":72,"column":23}},{"start":{"line":72,"column":27},"end":{"line":72,"column":49}}],"line":72},"8":{"loc":{"start":{"line":85,"column":4},"end":{"line":85,"column":68}},"type":"cond-expr","locations":[{"start":{"line":85,"column":41},"end":{"line":85,"column":64}},{"start":{"line":85,"column":67},"end":{"line":85,"column":68}}],"line":85},"9":{"loc":{"start":{"line":93,"column":4},"end":{"line":95,"column":5}},"type":"if","locations":[{"start":{"line":93,"column":4},"end":{"line":95,"column":5}},{"start":{"line":93,"column":4},"end":{"line":95,"column":5}}],"line":93},"10":{"loc":{"start":{"line":93,"column":8},"end":{"line":93,"column":73}},"type":"binary-expr","locations":[{"start":{"line":93,"column":8},"end":{"line":93,"column":32}},{"start":{"line":93,"column":36},"end":{"line":93,"column":73}}],"line":93},"11":{"loc":{"start":{"line":131,"column":6},"end":{"line":133,"column":7}},"type":"if","locations":[{"start":{"line":131,"column":6},"end":{"line":133,"column":7}},{"start":{"line":131,"column":6},"end":{"line":133,"column":7}}],"line":131},"12":{"loc":{"start":{"line":140,"column":14},"end":{"line":140,"column":36}},"type":"default-arg","locations":[{"start":{"line":140,"column":21},"end":{"line":140,"column":36}}],"line":140},"13":{"loc":{"start":{"line":141,"column":6},"end":{"line":143,"column":7}},"type":"if","locations":[{"start":{"line":141,"column":6},"end":{"line":143,"column":7}},{"start":{"line":141,"column":6},"end":{"line":143,"column":7}}],"line":141},"14":{"loc":{"start":{"line":145,"column":6},"end":{"line":147,"column":7}},"type":"if","locations":[{"start":{"line":145,"column":6},"end":{"line":147,"column":7}},{"start":{"line":145,"column":6},"end":{"line":147,"column":7}}],"line":145}},"s":{"0":15,"1":15,"2":37,"3":15,"4":15,"5":20,"6":15,"7":20,"8":15,"9":58,"10":3,"11":3,"12":55,"13":15,"14":39,"15":2,"16":37,"17":2,"18":2,"19":35,"20":15,"21":15,"22":15,"23":19,"24":18,"25":15,"26":13,"27":15,"28":1,"29":1,"30":5,"31":1,"32":2,"33":4,"34":1,"35":3,"36":3,"37":3,"38":51,"39":31,"40":20,"41":3,"42":17,"43":17,"44":17},"f":{"0":15,"1":37,"2":20,"3":20,"4":58,"5":39,"6":19,"7":13,"8":1,"9":1,"10":5,"11":1,"12":2,"13":4,"14":51},"b":{"0":[3,34],"1":[15,0],"2":[20,20],"3":[3,55],"4":[58,56],"5":[2,37],"6":[2,35],"7":[37,22],"8":[15,0],"9":[18,1],"10":[19,19],"11":[1,3],"12":[48],"13":[31,20],"14":[3,17]},"_coverageSchema":"1a1c01bbd47fc00a2c39e90264f33305004495a9","hash":"0c1561c7eae7eb2163bc2c5b050d230744cb9cf9"}
,"/mnt/d/wwwroot/table/src/table/composables/useProps.ts": {"path":"/mnt/d/wwwroot/table/src/table/composables/useProps.ts","statementMap":{"0":{"start":{"line":13,"column":48},"end":{"line":28,"column":3}},"1":{"start":{"line":14,"column":4},"end":{"line":27,"column":6}},"2":{"start":{"line":15,"column":6},"end":{"line":26,"column":8}},"3":{"start":{"line":31,"column":20},"end":{"line":42,"column":3}},"4":{"start":{"line":32,"column":4},"end":{"line":41,"column":5}},"5":{"start":{"line":45,"column":15},"end":{"line":47,"column":4}},"6":{"start":{"line":46,"column":4},"end":{"line":46,"column":41}},"7":{"start":{"line":49,"column":2},"end":{"line":55,"column":4}}},"fnMap":{"0":{"name":"useProps","decl":{"start":{"line":11,"column":16},"end":{"line":11,"column":24}},"loc":{"start":{"line":11,"column":50},"end":{"line":56,"column":1}},"line":11},"1":{"name":"(anonymous_1)","decl":{"start":{"line":13,"column":57},"end":{"line":13,"column":58}},"loc":{"start":{"line":14,"column":4},"end":{"line":27,"column":6}},"line":14},"2":{"name":"(anonymous_2)","decl":{"start":{"line":14,"column":22},"end":{"line":14,"column":23}},"loc":{"start":{"line":14,"column":49},"end":{"line":27,"column":5}},"line":14},"3":{"name":"(anonymous_3)","decl":{"start":{"line":31,"column":29},"end":{"line":31,"column":30}},"loc":{"start":{"line":32,"column":4},"end":{"line":41,"column":5}},"line":32},"4":{"name":"(anonymous_4)","decl":{"start":{"line":45,"column":24},"end":{"line":45,"column":25}},"loc":{"start":{"line":45,"column":30},"end":{"line":47,"column":3}},"line":45}},"branchMap":{"0":{"loc":{"start":{"line":18,"column":14},"end":{"line":18,"column":33}},"type":"binary-expr","locations":[{"start":{"line":18,"column":14},"end":{"line":18,"column":22}},{"start":{"line":18,"column":26},"end":{"line":18,"column":33}}],"line":18},"1":{"loc":{"start":{"line":19,"column":19},"end":{"line":19,"column":43}},"type":"binary-expr","locations":[{"start":{"line":19,"column":19},"end":{"line":19,"column":32}},{"start":{"line":19,"column":36},"end":{"line":19,"column":43}}],"line":19},"2":{"loc":{"start":{"line":21,"column":23},"end":{"line":21,"column":62}},"type":"binary-expr","locations":[{"start":{"line":21,"column":23},"end":{"line":21,"column":40}},{"start":{"line":21,"column":44},"end":{"line":21,"column":62}}],"line":21},"3":{"loc":{"start":{"line":23,"column":10},"end":{"line":25,"column":33}},"type":"cond-expr","locations":[{"start":{"line":24,"column":14},"end":{"line":24,"column":30}},{"start":{"line":25,"column":14},"end":{"line":25,"column":33}}],"line":23},"4":{"loc":{"start":{"line":25,"column":14},"end":{"line":25,"column":33}},"type":"binary-expr","locations":[{"start":{"line":25,"column":14},"end":{"line":25,"column":23}},{"start":{"line":25,"column":27},"end":{"line":25,"column":33}}],"line":25},"5":{"loc":{"start":{"line":46,"column":11},"end":{"line":46,"column":40}},"type":"cond-expr","locations":[{"start":{"line":46,"column":25},"end":{"line":46,"column":27}},{"start":{"line":46,"column":30},"end":{"line":46,"column":40}}],"line":46}},"s":{"0":15,"1":16,"2":32,"3":15,"4":19,"5":15,"6":28,"7":15},"f":{"0":15,"1":16,"2":32,"3":19,"4":28},"b":{"0":[32,16],"1":[32,16],"2":[32,31],"3":[15,17],"4":[17,17],"5":[0,28]},"_coverageSchema":"1a1c01bbd47fc00a2c39e90264f33305004495a9","hash":"fe2165d2c45a7728b78ede0021d21825817c5afb"}
,"/mnt/d/wwwroot/table/src/table/composables/useSortable.ts": {"path":"/mnt/d/wwwroot/table/src/table/composables/useSortable.ts","statementMap":{"0":{"start":{"line":6,"column":13},"end":{"line":6,"column":33}},"1":{"start":{"line":9,"column":21},"end":{"line":9,"column":55}},"2":{"start":{"line":12,"column":27},"end":{"line":14,"column":3}},"3":{"start":{"line":13,"column":4},"end":{"line":13,"column":76}},"4":{"start":{"line":13,"column":51},"end":{"line":13,"column":66}},"5":{"start":{"line":17,"column":32},"end":{"line":37,"column":3}},"6":{"start":{"line":19,"column":4},"end":{"line":21,"column":5}},"7":{"start":{"line":20,"column":6},"end":{"line":20,"column":13}},"8":{"start":{"line":23,"column":4},"end":{"line":28,"column":5}},"9":{"start":{"line":24,"column":6},"end":{"line":26,"column":8}},"10":{"start":{"line":27,"column":6},"end":{"line":27,"column":13}},"11":{"start":{"line":31,"column":4},"end":{"line":33,"column":6}},"12":{"start":{"line":36,"column":4},"end":{"line":36,"column":43}},"13":{"start":{"line":40,"column":2},"end":{"line":42,"column":5}},"14":{"start":{"line":41,"column":4},"end":{"line":41,"column":28}},"15":{"start":{"line":45,"column":22},"end":{"line":55,"column":3}},"16":{"start":{"line":46,"column":22},"end":{"line":46,"column":51}},"17":{"start":{"line":47,"column":4},"end":{"line":54,"column":5}},"18":{"start":{"line":49,"column":6},"end":{"line":51,"column":27}},"19":{"start":{"line":53,"column":6},"end":{"line":53,"column":28}},"20":{"start":{"line":57,"column":2},"end":{"line":60,"column":4}},"21":{"start":{"line":69,"column":2},"end":{"line":75,"column":3}},"22":{"start":{"line":74,"column":4},"end":{"line":74,"column":16}},"23":{"start":{"line":77,"column":29},"end":{"line":77,"column":45}},"24":{"start":{"line":79,"column":14},"end":{"line":79,"column":75}},"25":{"start":{"line":81,"column":2},"end":{"line":89,"column":6}},"26":{"start":{"line":85,"column":8},"end":{"line":88,"column":10}},"27":{"start":{"line":94,"column":16},"end":{"line":94,"column":33}},"28":{"start":{"line":95,"column":2},"end":{"line":111,"column":3}},"29":{"start":{"line":97,"column":6},"end":{"line":97,"column":34}},"30":{"start":{"line":98,"column":6},"end":{"line":98,"column":12}},"31":{"start":{"line":100,"column":6},"end":{"line":100,"column":35}},"32":{"start":{"line":101,"column":6},"end":{"line":101,"column":12}},"33":{"start":{"line":103,"column":6},"end":{"line":103,"column":35}},"34":{"start":{"line":104,"column":6},"end":{"line":104,"column":12}},"35":{"start":{"line":112,"column":2},"end":{"line":112,"column":17}}},"fnMap":{"0":{"name":"useSortable","decl":{"start":{"line":5,"column":16},"end":{"line":5,"column":27}},"loc":{"start":{"line":5,"column":62},"end":{"line":61,"column":1}},"line":5},"1":{"name":"(anonymous_1)","decl":{"start":{"line":12,"column":27},"end":{"line":12,"column":28}},"loc":{"start":{"line":12,"column":44},"end":{"line":14,"column":3}},"line":12},"2":{"name":"(anonymous_2)","decl":{"start":{"line":13,"column":42},"end":{"line":13,"column":43}},"loc":{"start":{"line":13,"column":51},"end":{"line":13,"column":66}},"line":13},"3":{"name":"(anonymous_3)","decl":{"start":{"line":17,"column":32},"end":{"line":17,"column":33}},"loc":{"start":{"line":17,"column":38},"end":{"line":37,"column":3}},"line":17},"4":{"name":"(anonymous_4)","decl":{"start":{"line":40,"column":20},"end":{"line":40,"column":21}},"loc":{"start":{"line":40,"column":26},"end":{"line":42,"column":3}},"line":40},"5":{"name":"(anonymous_5)","decl":{"start":{"line":45,"column":22},"end":{"line":45,"column":23}},"loc":{"start":{"line":45,"column":39},"end":{"line":55,"column":3}},"line":45},"6":{"name":"sortData","decl":{"start":{"line":64,"column":16},"end":{"line":64,"column":24}},"loc":{"start":{"line":67,"column":2},"end":{"line":90,"column":1}},"line":67},"7":{"name":"(anonymous_7)","decl":{"start":{"line":84,"column":6},"end":{"line":84,"column":7}},"loc":{"start":{"line":85,"column":8},"end":{"line":88,"column":10}},"line":85},"8":{"name":"getNextSortStatus","decl":{"start":{"line":93,"column":9},"end":{"line":93,"column":26}},"loc":{"start":{"line":93,"column":47},"end":{"line":113,"column":1}},"line":93}},"branchMap":{"0":{"loc":{"start":{"line":13,"column":23},"end":{"line":13,"column":75}},"type":"binary-expr","locations":[{"start":{"line":13,"column":23},"end":{"line":13,"column":67}},{"start":{"line":13,"column":71},"end":{"line":13,"column":75}}],"line":13},"1":{"loc":{"start":{"line":19,"column":4},"end":{"line":21,"column":5}},"type":"if","locations":[{"start":{"line":19,"column":4},"end":{"line":21,"column":5}},{"start":{"line":19,"column":4},"end":{"line":21,"column":5}}],"line":19},"2":{"loc":{"start":{"line":23,"column":4},"end":{"line":28,"column":5}},"type":"if","locations":[{"start":{"line":23,"column":4},"end":{"line":28,"column":5}},{"start":{"line":23,"column":4},"end":{"line":28,"column":5}}],"line":23},"3":{"loc":{"start":{"line":47,"column":4},"end":{"line":54,"column":5}},"type":"if","locations":[{"start":{"line":47,"column":4},"end":{"line":54,"column":5}},{"start":{"line":47,"column":4},"end":{"line":54,"column":5}}],"line":47},"4":{"loc":{"start":{"line":49,"column":25},"end":{"line":51,"column":26}},"type":"cond-expr","locations":[{"start":{"line":50,"column":10},"end":{"line":50,"column":33}},{"start":{"line":51,"column":10},"end":{"line":51,"column":26}}],"line":49},"5":{"loc":{"start":{"line":69,"column":2},"end":{"line":75,"column":3}},"type":"if","locations":[{"start":{"line":69,"column":2},"end":{"line":75,"column":3}},{"start":{"line":69,"column":2},"end":{"line":75,"column":3}}],"line":69},"6":{"loc":{"start":{"line":70,"column":4},"end":{"line":72,"column":30}},"type":"binary-expr","locations":[{"start":{"line":70,"column":4},"end":{"line":70,"column":27}},{"start":{"line":71,"column":4},"end":{"line":71,"column":57}},{"start":{"line":72,"column":4},"end":{"line":72,"column":30}}],"line":70},"7":{"loc":{"start":{"line":79,"column":14},"end":{"line":79,"column":75}},"type":"cond-expr","locations":[{"start":{"line":79,"column":69},"end":{"line":79,"column":70}},{"start":{"line":79,"column":73},"end":{"line":79,"column":75}}],"line":79},"8":{"loc":{"start":{"line":95,"column":2},"end":{"line":111,"column":3}},"type":"switch","locations":[{"start":{"line":96,"column":4},"end":{"line":98,"column":12}},{"start":{"line":99,"column":4},"end":{"line":101,"column":12}},{"start":{"line":102,"column":4},"end":{"line":104,"column":12}}],"line":95}},"s":{"0":15,"1":15,"2":15,"3":4,"4":6,"5":15,"6":8,"7":0,"8":8,"9":1,"10":1,"11":7,"12":7,"13":15,"14":8,"15":15,"16":9,"17":9,"18":5,"19":4,"20":15,"21":34,"22":29,"23":5,"24":5,"25":5,"26":1339,"27":7,"28":7,"29":3,"30":3,"31":2,"32":2,"33":2,"34":2,"35":7},"f":{"0":15,"1":4,"2":6,"3":8,"4":8,"5":9,"6":34,"7":1339,"8":7},"b":{"0":[4,1],"1":[0,8],"2":[1,7],"3":[5,4],"4":[5,0],"5":[29,5],"6":[34,5,5],"7":[3,2],"8":[3,2,2]},"_coverageSchema":"1a1c01bbd47fc00a2c39e90264f33305004495a9","hash":"5a7e7248014598845b8d739d2087167c2d5b803a"}
}
