TN:
SF:src\table\Table.tsx
FN:16,(anonymous_0)
FN:30,(anonymous_1)
FN:34,(anonymous_2)
FN:40,(anonymous_3)
FN:41,(anonymous_4)
FN:43,(anonymous_5)
FN:49,(anonymous_6)
FN:51,(anonymous_7)
FN:58,(anonymous_8)
FNF:9
FNH:9
FNDA:10,(anonymous_0)
FNDA:31,(anonymous_1)
FNDA:7,(anonymous_2)
FNDA:31,(anonymous_3)
FNDA:35,(anonymous_4)
FNDA:31,(anonymous_5)
FNDA:5,(anonymous_6)
FNDA:31,(anonymous_7)
FNDA:1,(anonymous_8)
DA:17,10
DA:21,10
DA:22,10
DA:24,10
DA:32,31
DA:33,31
DA:34,31
DA:35,7
DA:37,31
DA:40,31
DA:41,35
DA:43,31
DA:44,31
DA:45,26
DA:47,5
DA:49,5
DA:51,31
DA:52,31
DA:54,31
DA:57,31
DA:58,31
DA:59,1
DA:62,31
LF:23
LH:23
BRDA:22,0,0,10
BRDA:22,0,1,10
BRDA:33,1,0,28
BRDA:33,2,0,31
BRDA:33,2,1,27
BRDA:44,3,0,26
BRDA:44,3,1,5
BRDA:44,4,0,31
BRDA:44,4,1,7
BRDA:44,4,2,5
BRDA:45,5,0,26
BRDA:45,5,1,0
BRDA:47,6,0,3
BRDA:47,6,1,2
BRDA:49,7,0,5
BRDA:49,7,1,0
BRDA:52,8,0,31
BRDA:52,8,1,0
BRDA:57,9,0,31
BRDA:57,9,1,28
BRDA:58,10,0,4
BRDA:58,10,1,27
BRF:22
BRH:19
end_of_record
TN:
SF:src\table\const.ts
FNF:0
FNH:0
DA:1,1
LF:1
LH:1
BRF:0
BRH:0
end_of_record
TN:
SF:src\table\index.ts
FNF:0
FNH:0
LF:0
LH:0
BRF:0
BRH:0
end_of_record
TN:
SF:src\table\table.less
FNF:0
FNH:0
DA:1,1
LF:1
LH:1
BRF:0
BRH:0
end_of_record
TN:
SF:src\table\types.ts
FN:34,pick
FN:39,(anonymous_1)
FN:40,(anonymous_2)
FN:55,(anonymous_3)
FN:60,(anonymous_4)
FNF:5
FNH:5
FNDA:2,pick
FNDA:12,(anonymous_1)
FNDA:3,(anonymous_2)
FNDA:10,(anonymous_3)
FNDA:10,(anonymous_4)
DA:38,2
DA:39,12
DA:41,3
DA:42,3
DA:46,1
DA:55,10
DA:60,10
DA:78,1
LF:8
LH:8
BRF:0
BRH:0
end_of_record
TN:
SF:src\table\components\Body.tsx
FN:5,getRowHTML
FN:24,(anonymous_1)
FN:31,(anonymous_2)
FN:34,(anonymous_3)
FN:36,(anonymous_4)
FNF:5
FNH:5
FNDA:76,getRowHTML
FNDA:10,(anonymous_1)
FNDA:31,(anonymous_2)
FNDA:38,(anonymous_3)
FNDA:76,(anonymous_4)
DA:6,76
DA:7,76
DA:13,76
DA:18,76
DA:21,1
DA:25,10
DA:27,10
DA:32,31
DA:35,38
DA:36,76
LF:10
LH:10
BRDA:6,0,0,76
BRDA:6,0,1,2
BRDA:13,1,0,4
BRDA:13,1,1,72
BRDA:13,2,0,76
BRDA:13,2,1,38
BRDA:15,3,0,2
BRDA:15,3,1,70
BRDA:25,4,0,10
BRDA:25,4,1,0
BRF:10
BRH:9
end_of_record
TN:
SF:src\table\components\Header.tsx
FN:8,getTitle
FN:17,getSort
FN:28,getNextSortStatus
FN:48,getColumnHTML
FN:51,(anonymous_4)
FN:65,(anonymous_5)
FN:69,(anonymous_6)
FN:69,(anonymous_7)
FN:75,(anonymous_8)
FNF:9
FNH:9
FNDA:48,getTitle
FNDA:48,getSort
FNDA:7,getNextSortStatus
FNDA:48,getColumnHTML
FNDA:8,(anonymous_4)
FNDA:10,(anonymous_5)
FNDA:48,(anonymous_6)
FNDA:7,(anonymous_7)
FNDA:34,(anonymous_8)
DA:6,1
DA:9,48
DA:10,48
DA:14,48
DA:18,48
DA:19,48
DA:25,48
DA:29,7
DA:30,7
DA:32,2
DA:33,2
DA:35,2
DA:36,2
DA:38,2
DA:39,2
DA:42,1
DA:43,1
DA:45,7
DA:49,48
DA:50,48
DA:51,48
DA:52,8
DA:53,1
DA:56,7
DA:59,48
DA:62,1
DA:66,10
DA:68,10
DA:69,48
DA:70,7
DA:71,7
DA:76,34
LF:32
LH:32
BRDA:10,0,0,1
BRDA:10,0,1,47
BRDA:10,1,0,48
BRDA:10,1,1,24
BRDA:11,2,0,1
BRDA:11,2,1,0
BRDA:18,3,0,48
BRDA:18,3,1,24
BRDA:18,3,2,21
BRDA:19,4,0,17
BRDA:19,4,1,31
BRDA:20,5,0,13
BRDA:20,5,1,4
BRDA:25,6,0,17
BRDA:25,6,1,31
BRDA:30,7,0,2
BRDA:30,7,1,2
BRDA:30,7,2,2
BRDA:30,7,3,1
BRDA:52,8,0,1
BRDA:52,8,1,7
BRDA:66,9,0,0
BRDA:66,10,0,10
BRDA:66,10,1,0
BRF:24
BRH:21
end_of_record
TN:
SF:src\table\components\Pager.tsx
FN:4,renderPage
FN:5,(anonymous_1)
FN:13,(anonymous_2)
FN:26,(anonymous_3)
FN:28,(anonymous_4)
FN:30,(anonymous_5)
FN:30,(anonymous_6)
FN:34,(anonymous_7)
FN:40,(anonymous_8)
FNF:9
FNH:9
FNDA:3,renderPage
FNDA:9,(anonymous_1)
FNDA:1,(anonymous_2)
FNDA:1,(anonymous_3)
FNDA:2,(anonymous_4)
FNDA:2,(anonymous_5)
FNDA:5,(anonymous_6)
FNDA:1,(anonymous_7)
FNDA:3,(anonymous_8)
DA:5,3
DA:6,9
DA:7,9
DA:8,9
DA:13,1
DA:20,1
DA:27,1
DA:28,2
DA:29,1
DA:30,5
DA:31,1
DA:35,1
DA:36,1
DA:41,3
LF:14
LH:14
BRDA:7,0,0,3
BRDA:7,0,1,6
BRDA:11,1,0,3
BRDA:11,1,1,6
BRDA:29,2,0,1
BRDA:29,2,1,0
BRDA:29,3,0,1
BRDA:29,3,1,1
BRF:8
BRH:7
end_of_record
