TN:
SF:src\table\Table.tsx
FN:19,(anonymous_0)
FN:29,(anonymous_1)
FN:30,(anonymous_2)
FN:33,(anonymous_3)
FN:39,(anonymous_4)
FN:62,(anonymous_5)
FN:73,(anonymous_6)
FN:78,(anonymous_7)
FNF:8
FNH:8
FNDA:11,(anonymous_0)
FNDA:15,(anonymous_1)
FNDA:15,(anonymous_2)
FNDA:7,(anonymous_3)
FNDA:1,(anonymous_4)
FNDA:39,(anonymous_5)
FNDA:39,(anonymous_6)
FNDA:39,(anonymous_7)
DA:20,11
DA:24,11
DA:26,11
DA:27,11
DA:29,11
DA:30,15
DA:33,11
DA:34,7
DA:35,7
DA:36,7
DA:39,11
DA:40,1
DA:41,1
DA:42,1
DA:46,11
DA:64,39
DA:65,39
DA:68,39
DA:73,39
DA:74,39
DA:78,39
DA:79,39
DA:80,39
DA:84,39
DA:89,39
DA:96,39
DA:98,39
DA:102,39
LF:28
LH:28
BRDA:27,0,0,11
BRDA:27,0,1,0
BRDA:35,1,0,7
BRDA:35,1,1,0
BRDA:65,2,0,33
BRDA:65,3,0,39
BRDA:65,3,1,32
BRDA:80,4,0,32
BRDA:80,4,1,7
BRDA:80,5,0,7
BRDA:80,5,1,0
BRDA:91,6,0,39
BRDA:91,6,1,33
BRDA:98,7,0,7
BRDA:98,7,1,32
BRF:15
BRH:12
end_of_record
TN:
SF:src\table\index.ts
FNF:0
FNH:0
LF:0
LH:0
BRF:0
BRH:0
end_of_record
TN:
SF:src\table\types.ts
FN:39,pick
FN:44,(anonymous_1)
FN:45,(anonymous_2)
FN:61,(anonymous_3)
FNF:4
FNH:4
FNDA:2,pick
FNDA:8,(anonymous_1)
FNDA:3,(anonymous_2)
FNDA:11,(anonymous_3)
DA:43,2
DA:44,8
DA:46,3
DA:47,3
DA:52,1
DA:61,11
DA:75,1
LF:7
LH:7
BRF:0
BRH:0
end_of_record
TN:
SF:src\table\common\const.ts
FNF:0
FNH:0
DA:1,1
LF:1
LH:1
BRF:0
BRH:0
end_of_record
TN:
SF:src\table\common\hooks.ts
FN:3,sortData
FN:11,(anonymous_1)
FNF:2
FNH:2
FNDA:39,sortData
FNDA:23,(anonymous_1)
DA:4,39
DA:5,4
DA:8,35
DA:9,35
DA:11,35
LF:5
LH:5
BRDA:4,0,0,4
BRDA:4,0,1,35
BRDA:4,1,0,39
BRDA:4,1,1,39
BRDA:4,1,2,35
BRDA:5,2,0,4
BRDA:5,2,1,0
BRDA:9,3,0,21
BRDA:9,3,1,14
BRDA:11,4,0,35
BRDA:11,4,1,0
BRDA:11,5,0,23
BRDA:11,5,1,0
BRDA:11,6,0,23
BRDA:11,6,1,1
BRF:15
BRH:12
end_of_record
TN:
SF:src\table\common\table.less
FNF:0
FNH:0
DA:1,1
LF:1
LH:1
BRF:0
BRH:0
end_of_record
TN:
SF:src\table\components\Body.tsx
FN:5,getRowHTML
FN:24,(anonymous_1)
FN:31,(anonymous_2)
FN:34,(anonymous_3)
FN:36,(anonymous_4)
FNF:5
FNH:5
FNDA:104,getRowHTML
FNDA:11,(anonymous_1)
FNDA:38,(anonymous_2)
FNDA:52,(anonymous_3)
FNDA:104,(anonymous_4)
DA:6,104
DA:7,104
DA:13,104
DA:18,104
DA:21,1
DA:25,11
DA:27,11
DA:32,38
DA:35,52
DA:36,104
LF:10
LH:10
BRDA:6,0,0,104
BRDA:6,0,1,2
BRDA:13,1,0,4
BRDA:13,1,1,100
BRDA:13,2,0,104
BRDA:13,2,1,52
BRDA:15,3,0,2
BRDA:15,3,1,98
BRDA:25,4,0,11
BRDA:25,4,1,0
BRF:10
BRH:9
end_of_record
TN:
SF:src\table\components\Header.tsx
FN:8,getTitle
FN:17,getSort
FN:28,getNextSortStatus
FN:48,getColumnHTML
FN:51,(anonymous_4)
FN:67,(anonymous_5)
FN:71,(anonymous_6)
FN:71,(anonymous_7)
FN:77,(anonymous_8)
FNF:9
FNH:9
FNDA:54,getTitle
FNDA:54,getSort
FNDA:7,getNextSortStatus
FNDA:54,getColumnHTML
FNDA:8,(anonymous_4)
FNDA:11,(anonymous_5)
FNDA:54,(anonymous_6)
FNDA:7,(anonymous_7)
FNDA:27,(anonymous_8)
DA:6,1
DA:9,54
DA:10,54
DA:14,54
DA:18,54
DA:19,54
DA:25,54
DA:29,7
DA:30,7
DA:32,2
DA:33,2
DA:35,2
DA:36,2
DA:38,2
DA:39,2
DA:42,1
DA:43,1
DA:45,7
DA:49,54
DA:50,54
DA:51,54
DA:52,8
DA:53,1
DA:56,7
DA:59,54
DA:61,54
DA:64,1
DA:68,11
DA:70,11
DA:71,54
DA:72,7
DA:73,7
DA:78,27
LF:33
LH:33
BRDA:10,0,0,1
BRDA:10,0,1,53
BRDA:10,1,0,54
BRDA:10,1,1,27
BRDA:11,2,0,1
BRDA:11,2,1,0
BRDA:18,3,0,54
BRDA:18,3,1,27
BRDA:18,3,2,23
BRDA:19,4,0,19
BRDA:19,4,1,35
BRDA:20,5,0,15
BRDA:20,5,1,4
BRDA:25,6,0,19
BRDA:25,6,1,35
BRDA:30,7,0,2
BRDA:30,7,1,2
BRDA:30,7,2,2
BRDA:30,7,3,1
BRDA:52,8,0,1
BRDA:52,8,1,7
BRDA:59,9,0,0
BRDA:59,9,1,54
BRDA:68,10,0,0
BRDA:68,11,0,11
BRDA:68,11,1,0
BRF:26
BRH:22
end_of_record
TN:
SF:src\table\components\Pager.tsx
FN:4,renderPage
FN:5,(anonymous_1)
FN:13,(anonymous_2)
FN:26,(anonymous_3)
FN:28,(anonymous_4)
FN:31,(anonymous_5)
FN:32,(anonymous_6)
FN:33,(anonymous_7)
FN:33,(anonymous_8)
FN:35,(anonymous_9)
FN:49,(anonymous_10)
FN:55,(anonymous_11)
FN:63,(anonymous_12)
FNF:13
FNH:9
FNDA:21,renderPage
FNDA:13,(anonymous_1)
FNDA:0,(anonymous_2)
FNDA:11,(anonymous_3)
FNDA:21,(anonymous_4)
FNDA:11,(anonymous_5)
FNDA:9,(anonymous_6)
FNDA:21,(anonymous_7)
FNDA:13,(anonymous_8)
FNDA:0,(anonymous_9)
FNDA:0,(anonymous_10)
FNDA:0,(anonymous_11)
FNDA:21,(anonymous_12)
DA:5,21
DA:6,13
DA:7,13
DA:8,13
DA:13,0
DA:20,1
DA:27,11
DA:28,21
DA:29,11
DA:31,11
DA:32,11
DA:33,21
DA:35,11
DA:36,0
DA:37,0
DA:40,11
DA:50,0
DA:51,0
DA:52,0
DA:56,0
DA:57,0
DA:58,0
DA:64,21
LF:23
LH:14
BRDA:7,0,0,10
BRDA:7,0,1,3
BRDA:11,1,0,10
BRDA:11,1,1,3
BRDA:29,2,0,0
BRDA:29,2,1,11
BRDA:29,3,0,11
BRDA:29,3,1,11
BRDA:31,4,0,11
BRDA:31,4,1,0
BRDA:51,5,0,0
BRDA:51,5,1,0
BRDA:57,6,0,0
BRDA:57,6,1,0
BRF:14
BRH:8
end_of_record
